<?xml version="1.0" encoding="UTF-8"?>
<testsuite xmlns:xsi="http://www.w3.org/2001/XMLSchema-instance" xsi:noNamespaceSchemaLocation="https://maven.apache.org/surefire/maven-surefire-plugin/xsd/surefire-test-report.xsd" name="TestSuite" time="48.28" tests="15" errors="0" skipped="0" failures="0">
  <properties>
    <property name="gopherProxySet" value="false"/>
    <property name="awt.toolkit" value="sun.lwawt.macosx.LWCToolkit"/>
    <property name="file.encoding.pkg" value="sun.io"/>
    <property name="java.specification.version" value="1.8"/>
    <property name="sun.cpu.isalist" value=""/>
    <property name="sun.jnu.encoding" value="UTF-8"/>
    <property name="java.class.path" value="/Users/ajmac1085/Documents/Zomato-api/target/test-classes:/Users/ajmac1085/Documents/Zomato-api/target/classes:/Users/ajmac1085/.m2/repository/org/freemarker/freemarker/2.3.23/freemarker-2.3.23.jar:/Users/ajmac1085/.m2/repository/commons-io/commons-io/2.6/commons-io-2.6.jar:/Users/ajmac1085/.m2/repository/org/seleniumhq/selenium/selenium-support/3.12.0/selenium-support-3.12.0.jar:/Users/ajmac1085/.m2/repository/org/seleniumhq/selenium/selenium-api/3.12.0/selenium-api-3.12.0.jar:/Users/ajmac1085/.m2/repository/org/seleniumhq/selenium/selenium-remote-driver/3.12.0/selenium-remote-driver-3.12.0.jar:/Users/ajmac1085/.m2/repository/net/bytebuddy/byte-buddy/1.8.3/byte-buddy-1.8.3.jar:/Users/ajmac1085/.m2/repository/org/apache/commons/commons-exec/1.3/commons-exec-1.3.jar:/Users/ajmac1085/.m2/repository/commons-codec/commons-codec/1.10/commons-codec-1.10.jar:/Users/ajmac1085/.m2/repository/commons-logging/commons-logging/1.2/commons-logging-1.2.jar:/Users/ajmac1085/.m2/repository/com/google/guava/guava/23.6-jre/guava-23.6-jre.jar:/Users/ajmac1085/.m2/repository/com/google/code/findbugs/jsr305/1.3.9/jsr305-1.3.9.jar:/Users/ajmac1085/.m2/repository/org/checkerframework/checker-compat-qual/2.0.0/checker-compat-qual-2.0.0.jar:/Users/ajmac1085/.m2/repository/com/google/errorprone/error_prone_annotations/2.1.3/error_prone_annotations-2.1.3.jar:/Users/ajmac1085/.m2/repository/com/google/j2objc/j2objc-annotations/1.1/j2objc-annotations-1.1.jar:/Users/ajmac1085/.m2/repository/org/codehaus/mojo/animal-sniffer-annotations/1.14/animal-sniffer-annotations-1.14.jar:/Users/ajmac1085/.m2/repository/org/apache/httpcomponents/httpclient/4.5.3/httpclient-4.5.3.jar:/Users/ajmac1085/.m2/repository/org/apache/httpcomponents/httpcore/4.4.6/httpcore-4.4.6.jar:/Users/ajmac1085/.m2/repository/com/squareup/okio/okio/1.13.0/okio-1.13.0.jar:/Users/ajmac1085/.m2/repository/log4j/log4j/1.2.17/log4j-1.2.17.jar:/Users/ajmac1085/.m2/repository/org/testng/testng/6.14.2/testng-6.14.2.jar:/Users/ajmac1085/.m2/repository/com/beust/jcommander/1.72/jcommander-1.72.jar:/Users/ajmac1085/.m2/repository/org/apache-extras/beanshell/bsh/2.0b6/bsh-2.0b6.jar:/Users/ajmac1085/.m2/repository/com/aventstack/extentreports/3.1.5/extentreports-3.1.5.jar:/Users/ajmac1085/.m2/repository/org/mongodb/mongodb-driver/3.3.0/mongodb-driver-3.3.0.jar:/Users/ajmac1085/.m2/repository/org/mongodb/bson/3.3.0/bson-3.3.0.jar:/Users/ajmac1085/.m2/repository/org/mongodb/mongodb-driver-core/3.3.0/mongodb-driver-core-3.3.0.jar:/Users/ajmac1085/.m2/repository/org/apache/httpcomponents/httpmime/4.5.2/httpmime-4.5.2.jar:/Users/ajmac1085/.m2/repository/org/jsoup/jsoup/1.9.2/jsoup-1.9.2.jar:/Users/ajmac1085/.m2/repository/org/seleniumhq/selenium/selenium-chrome-driver/3.11.0/selenium-chrome-driver-3.11.0.jar:/Users/ajmac1085/.m2/repository/org/hamcrest/hamcrest-all/1.3/hamcrest-all-1.3.jar:/Users/ajmac1085/.m2/repository/com/google/code/gson/gson/2.6.2/gson-2.6.2.jar:/Users/ajmac1085/.m2/repository/com/jayway/restassured/rest-assured/2.9.0/rest-assured-2.9.0.jar:/Users/ajmac1085/.m2/repository/org/codehaus/groovy/groovy/2.4.4/groovy-2.4.4.jar:/Users/ajmac1085/.m2/repository/org/codehaus/groovy/groovy-xml/2.4.4/groovy-xml-2.4.4.jar:/Users/ajmac1085/.m2/repository/org/hamcrest/hamcrest-core/1.3/hamcrest-core-1.3.jar:/Users/ajmac1085/.m2/repository/org/hamcrest/hamcrest-library/1.3/hamcrest-library-1.3.jar:/Users/ajmac1085/.m2/repository/org/ccil/cowan/tagsoup/tagsoup/1.2.1/tagsoup-1.2.1.jar:/Users/ajmac1085/.m2/repository/com/jayway/restassured/json-path/2.9.0/json-path-2.9.0.jar:/Users/ajmac1085/.m2/repository/org/codehaus/groovy/groovy-json/2.4.4/groovy-json-2.4.4.jar:/Users/ajmac1085/.m2/repository/com/jayway/restassured/rest-assured-common/2.9.0/rest-assured-common-2.9.0.jar:/Users/ajmac1085/.m2/repository/com/jayway/restassured/xml-path/2.9.0/xml-path-2.9.0.jar:/Users/ajmac1085/.m2/repository/org/apache/commons/commons-lang3/3.3.2/commons-lang3-3.3.2.jar:/Users/ajmac1085/.m2/repository/com/squareup/okhttp3/okhttp/3.14.2/okhttp-3.14.2.jar:/Users/ajmac1085/.m2/repository/com/googlecode/json-simple/json-simple/1.1.1/json-simple-1.1.1.jar:/Users/ajmac1085/.m2/repository/junit/junit/4.10/junit-4.10.jar:/Users/ajmac1085/.m2/repository/com/amazonaws/aws-java-sdk/1.11.548/aws-java-sdk-1.11.548.jar:/Users/ajmac1085/.m2/repository/com/amazonaws/aws-java-sdk-managedblockchain/1.11.548/aws-java-sdk-managedblockchain-1.11.548.jar:/Users/ajmac1085/.m2/repository/com/amazonaws/jmespath-java/1.11.548/jmespath-java-1.11.548.jar:/Users/ajmac1085/.m2/repository/com/amazonaws/aws-java-sdk-textract/1.11.548/aws-java-sdk-textract-1.11.548.jar:/Users/ajmac1085/.m2/repository/com/amazonaws/aws-java-sdk-worklink/1.11.548/aws-java-sdk-worklink-1.11.548.jar:/Users/ajmac1085/.m2/repository/com/amazonaws/aws-java-sdk-backup/1.11.548/aws-java-sdk-backup-1.11.548.jar:/Users/ajmac1085/.m2/repository/com/amazonaws/aws-java-sdk-docdb/1.11.548/aws-java-sdk-docdb-1.11.548.jar:/Users/ajmac1085/.m2/repository/com/amazonaws/aws-java-sdk-apigatewayv2/1.11.548/aws-java-sdk-apigatewayv2-1.11.548.jar:/Users/ajmac1085/.m2/repository/com/amazonaws/aws-java-sdk-apigatewaymanagementapi/1.11.548/aws-java-sdk-apigatewaymanagementapi-1.11.548.jar:/Users/ajmac1085/.m2/repository/com/amazonaws/aws-java-sdk-kafka/1.11.548/aws-java-sdk-kafka-1.11.548.jar:/Users/ajmac1085/.m2/repository/com/amazonaws/aws-java-sdk-appmesh/1.11.548/aws-java-sdk-appmesh-1.11.548.jar:/Users/ajmac1085/.m2/repository/com/amazonaws/aws-java-sdk-licensemanager/1.11.548/aws-java-sdk-licensemanager-1.11.548.jar:/Users/ajmac1085/.m2/repository/com/amazonaws/aws-java-sdk-securityhub/1.11.548/aws-java-sdk-securityhub-1.11.548.jar:/Users/ajmac1085/.m2/repository/com/amazonaws/aws-java-sdk-fsx/1.11.548/aws-java-sdk-fsx-1.11.548.jar:/Users/ajmac1085/.m2/repository/com/amazonaws/aws-java-sdk-mediaconnect/1.11.548/aws-java-sdk-mediaconnect-1.11.548.jar:/Users/ajmac1085/.m2/repository/com/amazonaws/aws-java-sdk-kinesisanalyticsv2/1.11.548/aws-java-sdk-kinesisanalyticsv2-1.11.548.jar:/Users/ajmac1085/.m2/repository/com/amazonaws/aws-java-sdk-comprehendmedical/1.11.548/aws-java-sdk-comprehendmedical-1.11.548.jar:/Users/ajmac1085/.m2/repository/com/amazonaws/aws-java-sdk-globalaccelerator/1.11.548/aws-java-sdk-globalaccelerator-1.11.548.jar:/Users/ajmac1085/.m2/repository/com/amazonaws/aws-java-sdk-transfer/1.11.548/aws-java-sdk-transfer-1.11.548.jar:/Users/ajmac1085/.m2/repository/com/amazonaws/aws-java-sdk-datasync/1.11.548/aws-java-sdk-datasync-1.11.548.jar:/Users/ajmac1085/.m2/repository/com/amazonaws/aws-java-sdk-robomaker/1.11.548/aws-java-sdk-robomaker-1.11.548.jar:/Users/ajmac1085/.m2/repository/com/amazonaws/aws-java-sdk-amplify/1.11.548/aws-java-sdk-amplify-1.11.548.jar:/Users/ajmac1085/.m2/repository/com/amazonaws/aws-java-sdk-quicksight/1.11.548/aws-java-sdk-quicksight-1.11.548.jar:/Users/ajmac1085/.m2/repository/com/amazonaws/aws-java-sdk-rdsdata/1.11.548/aws-java-sdk-rdsdata-1.11.548.jar:/Users/ajmac1085/.m2/repository/com/amazonaws/aws-java-sdk-route53resolver/1.11.548/aws-java-sdk-route53resolver-1.11.548.jar:/Users/ajmac1085/.m2/repository/com/amazonaws/aws-java-sdk-ram/1.11.548/aws-java-sdk-ram-1.11.548.jar:/Users/ajmac1085/.m2/repository/com/amazonaws/aws-java-sdk-s3control/1.11.548/aws-java-sdk-s3control-1.11.548.jar:/Users/ajmac1085/.m2/repository/com/amazonaws/aws-java-sdk-pinpointsmsvoice/1.11.548/aws-java-sdk-pinpointsmsvoice-1.11.548.jar:/Users/ajmac1085/.m2/repository/com/amazonaws/aws-java-sdk-pinpointemail/1.11.548/aws-java-sdk-pinpointemail-1.11.548.jar:/Users/ajmac1085/.m2/repository/com/amazonaws/aws-java-sdk-chime/1.11.548/aws-java-sdk-chime-1.11.548.jar:/Users/ajmac1085/.m2/repository/com/amazonaws/aws-java-sdk-signer/1.11.548/aws-java-sdk-signer-1.11.548.jar:/Users/ajmac1085/.m2/repository/com/amazonaws/aws-java-sdk-dlm/1.11.548/aws-java-sdk-dlm-1.11.548.jar:/Users/ajmac1085/.m2/repository/com/amazonaws/aws-java-sdk-macie/1.11.548/aws-java-sdk-macie-1.11.548.jar:/Users/ajmac1085/.m2/repository/com/amazonaws/aws-java-sdk-eks/1.11.548/aws-java-sdk-eks-1.11.548.jar:/Users/ajmac1085/.m2/repository/com/amazonaws/aws-java-sdk-mediatailor/1.11.548/aws-java-sdk-mediatailor-1.11.548.jar:/Users/ajmac1085/.m2/repository/com/amazonaws/aws-java-sdk-neptune/1.11.548/aws-java-sdk-neptune-1.11.548.jar:/Users/ajmac1085/.m2/repository/com/amazonaws/aws-java-sdk-pi/1.11.548/aws-java-sdk-pi-1.11.548.jar:/Users/ajmac1085/.m2/repository/com/amazonaws/aws-java-sdk-iot1clickprojects/1.11.548/aws-java-sdk-iot1clickprojects-1.11.548.jar:/Users/ajmac1085/.m2/repository/com/amazonaws/aws-java-sdk-iot1clickdevices/1.11.548/aws-java-sdk-iot1clickdevices-1.11.548.jar:/Users/ajmac1085/.m2/repository/com/amazonaws/aws-java-sdk-iotanalytics/1.11.548/aws-java-sdk-iotanalytics-1.11.548.jar:/Users/ajmac1085/.m2/repository/com/amazonaws/aws-java-sdk-acmpca/1.11.548/aws-java-sdk-acmpca-1.11.548.jar:/Users/ajmac1085/.m2/repository/com/amazonaws/aws-java-sdk-secretsmanager/1.11.548/aws-java-sdk-secretsmanager-1.11.548.jar:/Users/ajmac1085/.m2/repository/com/amazonaws/aws-java-sdk-fms/1.11.548/aws-java-sdk-fms-1.11.548.jar:/Users/ajmac1085/.m2/repository/com/amazonaws/aws-java-sdk-connect/1.11.548/aws-java-sdk-connect-1.11.548.jar:/Users/ajmac1085/.m2/repository/com/amazonaws/aws-java-sdk-transcribe/1.11.548/aws-java-sdk-transcribe-1.11.548.jar:/Users/ajmac1085/.m2/repository/com/amazonaws/aws-java-sdk-autoscalingplans/1.11.548/aws-java-sdk-autoscalingplans-1.11.548.jar:/Users/ajmac1085/.m2/repository/com/amazonaws/aws-java-sdk-workmail/1.11.548/aws-java-sdk-workmail-1.11.548.jar:/Users/ajmac1085/.m2/repository/com/amazonaws/aws-java-sdk-servicediscovery/1.11.548/aws-java-sdk-servicediscovery-1.11.548.jar:/Users/ajmac1085/.m2/repository/com/amazonaws/aws-java-sdk-cloud9/1.11.548/aws-java-sdk-cloud9-1.11.548.jar:/Users/ajmac1085/.m2/repository/com/amazonaws/aws-java-sdk-serverlessapplicationrepository/1.11.548/aws-java-sdk-serverlessapplicationrepository-1.11.548.jar:/Users/ajmac1085/.m2/repository/com/amazonaws/aws-java-sdk-alexaforbusiness/1.11.548/aws-java-sdk-alexaforbusiness-1.11.548.jar:/Users/ajmac1085/.m2/repository/com/amazonaws/aws-java-sdk-resourcegroups/1.11.548/aws-java-sdk-resourcegroups-1.11.548.jar:/Users/ajmac1085/.m2/repository/com/amazonaws/aws-java-sdk-comprehend/1.11.548/aws-java-sdk-comprehend-1.11.548.jar:/Users/ajmac1085/.m2/repository/com/amazonaws/aws-java-sdk-translate/1.11.548/aws-java-sdk-translate-1.11.548.jar:/Users/ajmac1085/.m2/repository/com/amazonaws/aws-java-sdk-sagemaker/1.11.548/aws-java-sdk-sagemaker-1.11.548.jar:/Users/ajmac1085/.m2/repository/com/amazonaws/aws-java-sdk-iotjobsdataplane/1.11.548/aws-java-sdk-iotjobsdataplane-1.11.548.jar:/Users/ajmac1085/.m2/repository/com/amazonaws/aws-java-sdk-sagemakerruntime/1.11.548/aws-java-sdk-sagemakerruntime-1.11.548.jar:/Users/ajmac1085/.m2/repository/com/amazonaws/aws-java-sdk-kinesisvideo/1.11.548/aws-java-sdk-kinesisvideo-1.11.548.jar:/Users/ajmac1085/.m2/repository/io/netty/netty-codec-http/4.1.17.Final/netty-codec-http-4.1.17.Final.jar:/Users/ajmac1085/.m2/repository/io/netty/netty-codec/4.1.17.Final/netty-codec-4.1.17.Final.jar:/Users/ajmac1085/.m2/repository/io/netty/netty-handler/4.1.17.Final/netty-handler-4.1.17.Final.jar:/Users/ajmac1085/.m2/repository/io/netty/netty-buffer/4.1.17.Final/netty-buffer-4.1.17.Final.jar:/Users/ajmac1085/.m2/repository/io/netty/netty-common/4.1.17.Final/netty-common-4.1.17.Final.jar:/Users/ajmac1085/.m2/repository/io/netty/netty-transport/4.1.17.Final/netty-transport-4.1.17.Final.jar:/Users/ajmac1085/.m2/repository/io/netty/netty-resolver/4.1.17.Final/netty-resolver-4.1.17.Final.jar:/Users/ajmac1085/.m2/repository/com/amazonaws/aws-java-sdk-appsync/1.11.548/aws-java-sdk-appsync-1.11.548.jar:/Users/ajmac1085/.m2/repository/com/amazonaws/aws-java-sdk-guardduty/1.11.548/aws-java-sdk-guardduty-1.11.548.jar:/Users/ajmac1085/.m2/repository/com/amazonaws/aws-java-sdk-mq/1.11.548/aws-java-sdk-mq-1.11.548.jar:/Users/ajmac1085/.m2/repository/com/amazonaws/aws-java-sdk-mediaconvert/1.11.548/aws-java-sdk-mediaconvert-1.11.548.jar:/Users/ajmac1085/.m2/repository/com/amazonaws/aws-java-sdk-mediastore/1.11.548/aws-java-sdk-mediastore-1.11.548.jar:/Users/ajmac1085/.m2/repository/com/amazonaws/aws-java-sdk-mediastoredata/1.11.548/aws-java-sdk-mediastoredata-1.11.548.jar:/Users/ajmac1085/.m2/repository/com/amazonaws/aws-java-sdk-medialive/1.11.548/aws-java-sdk-medialive-1.11.548.jar:/Users/ajmac1085/.m2/repository/com/amazonaws/aws-java-sdk-mediapackage/1.11.548/aws-java-sdk-mediapackage-1.11.548.jar:/Users/ajmac1085/.m2/repository/com/amazonaws/aws-java-sdk-costexplorer/1.11.548/aws-java-sdk-costexplorer-1.11.548.jar:/Users/ajmac1085/.m2/repository/com/amazonaws/aws-java-sdk-pricing/1.11.548/aws-java-sdk-pricing-1.11.548.jar:/Users/ajmac1085/.m2/repository/com/amazonaws/aws-java-sdk-mobile/1.11.548/aws-java-sdk-mobile-1.11.548.jar:/Users/ajmac1085/.m2/repository/com/amazonaws/aws-java-sdk-cloudhsmv2/1.11.548/aws-java-sdk-cloudhsmv2-1.11.548.jar:/Users/ajmac1085/.m2/repository/com/amazonaws/aws-java-sdk-glue/1.11.548/aws-java-sdk-glue-1.11.548.jar:/Users/ajmac1085/.m2/repository/com/amazonaws/aws-java-sdk-migrationhub/1.11.548/aws-java-sdk-migrationhub-1.11.548.jar:/Users/ajmac1085/.m2/repository/com/amazonaws/aws-java-sdk-dax/1.11.548/aws-java-sdk-dax-1.11.548.jar:/Users/ajmac1085/.m2/repository/com/amazonaws/aws-java-sdk-greengrass/1.11.548/aws-java-sdk-greengrass-1.11.548.jar:/Users/ajmac1085/.m2/repository/com/amazonaws/aws-java-sdk-athena/1.11.548/aws-java-sdk-athena-1.11.548.jar:/Users/ajmac1085/.m2/repository/com/amazonaws/aws-java-sdk-marketplaceentitlement/1.11.548/aws-java-sdk-marketplaceentitlement-1.11.548.jar:/Users/ajmac1085/.m2/repository/com/amazonaws/aws-java-sdk-codestar/1.11.548/aws-java-sdk-codestar-1.11.548.jar:/Users/ajmac1085/.m2/repository/com/amazonaws/aws-java-sdk-lexmodelbuilding/1.11.548/aws-java-sdk-lexmodelbuilding-1.11.548.jar:/Users/ajmac1085/.m2/repository/com/amazonaws/aws-java-sdk-resourcegroupstaggingapi/1.11.548/aws-java-sdk-resourcegroupstaggingapi-1.11.548.jar:/Users/ajmac1085/.m2/repository/com/amazonaws/aws-java-sdk-pinpoint/1.11.548/aws-java-sdk-pinpoint-1.11.548.jar:/Users/ajmac1085/.m2/repository/com/amazonaws/aws-java-sdk-xray/1.11.548/aws-java-sdk-xray-1.11.548.jar:/Users/ajmac1085/.m2/repository/com/amazonaws/aws-java-sdk-opsworkscm/1.11.548/aws-java-sdk-opsworkscm-1.11.548.jar:/Users/ajmac1085/.m2/repository/com/amazonaws/aws-java-sdk-support/1.11.548/aws-java-sdk-support-1.11.548.jar:/Users/ajmac1085/.m2/repository/com/amazonaws/aws-java-sdk-simpledb/1.11.548/aws-java-sdk-simpledb-1.11.548.jar:/Users/ajmac1085/.m2/repository/com/amazonaws/aws-java-sdk-servicecatalog/1.11.548/aws-java-sdk-servicecatalog-1.11.548.jar:/Users/ajmac1085/.m2/repository/com/amazonaws/aws-java-sdk-servermigration/1.11.548/aws-java-sdk-servermigration-1.11.548.jar:/Users/ajmac1085/.m2/repository/com/amazonaws/aws-java-sdk-simpleworkflow/1.11.548/aws-java-sdk-simpleworkflow-1.11.548.jar:/Users/ajmac1085/.m2/repository/com/amazonaws/aws-java-sdk-storagegateway/1.11.548/aws-java-sdk-storagegateway-1.11.548.jar:/Users/ajmac1085/.m2/repository/com/amazonaws/aws-java-sdk-route53/1.11.548/aws-java-sdk-route53-1.11.548.jar:/Users/ajmac1085/.m2/repository/com/amazonaws/aws-java-sdk-s3/1.11.548/aws-java-sdk-s3-1.11.548.jar:/Users/ajmac1085/.m2/repository/com/amazonaws/aws-java-sdk-importexport/1.11.548/aws-java-sdk-importexport-1.11.548.jar:/Users/ajmac1085/.m2/repository/com/amazonaws/aws-java-sdk-sts/1.11.548/aws-java-sdk-sts-1.11.548.jar:/Users/ajmac1085/.m2/repository/com/amazonaws/aws-java-sdk-sqs/1.11.548/aws-java-sdk-sqs-1.11.548.jar:/Users/ajmac1085/.m2/repository/com/amazonaws/aws-java-sdk-rds/1.11.548/aws-java-sdk-rds-1.11.548.jar:/Users/ajmac1085/.m2/repository/com/amazonaws/aws-java-sdk-redshift/1.11.548/aws-java-sdk-redshift-1.11.548.jar:/Users/ajmac1085/.m2/repository/com/amazonaws/aws-java-sdk-elasticbeanstalk/1.11.548/aws-java-sdk-elasticbeanstalk-1.11.548.jar:/Users/ajmac1085/.m2/repository/com/amazonaws/aws-java-sdk-glacier/1.11.548/aws-java-sdk-glacier-1.11.548.jar:/Users/ajmac1085/.m2/repository/com/amazonaws/aws-java-sdk-iam/1.11.548/aws-java-sdk-iam-1.11.548.jar:/Users/ajmac1085/.m2/repository/com/amazonaws/aws-java-sdk-datapipeline/1.11.548/aws-java-sdk-datapipeline-1.11.548.jar:/Users/ajmac1085/.m2/repository/com/amazonaws/aws-java-sdk-elasticloadbalancing/1.11.548/aws-java-sdk-elasticloadbalancing-1.11.548.jar:/Users/ajmac1085/.m2/repository/com/amazonaws/aws-java-sdk-elasticloadbalancingv2/1.11.548/aws-java-sdk-elasticloadbalancingv2-1.11.548.jar:/Users/ajmac1085/.m2/repository/com/amazonaws/aws-java-sdk-emr/1.11.548/aws-java-sdk-emr-1.11.548.jar:/Users/ajmac1085/.m2/repository/com/amazonaws/aws-java-sdk-elasticache/1.11.548/aws-java-sdk-elasticache-1.11.548.jar:/Users/ajmac1085/.m2/repository/com/amazonaws/aws-java-sdk-elastictranscoder/1.11.548/aws-java-sdk-elastictranscoder-1.11.548.jar:/Users/ajmac1085/.m2/repository/com/amazonaws/aws-java-sdk-ec2/1.11.548/aws-java-sdk-ec2-1.11.548.jar:/Users/ajmac1085/.m2/repository/com/amazonaws/aws-java-sdk-dynamodb/1.11.548/aws-java-sdk-dynamodb-1.11.548.jar:/Users/ajmac1085/.m2/repository/com/amazonaws/aws-java-sdk-sns/1.11.548/aws-java-sdk-sns-1.11.548.jar:/Users/ajmac1085/.m2/repository/com/amazonaws/aws-java-sdk-budgets/1.11.548/aws-java-sdk-budgets-1.11.548.jar:/Users/ajmac1085/.m2/repository/com/amazonaws/aws-java-sdk-cloudtrail/1.11.548/aws-java-sdk-cloudtrail-1.11.548.jar:/Users/ajmac1085/.m2/repository/com/amazonaws/aws-java-sdk-cloudwatch/1.11.548/aws-java-sdk-cloudwatch-1.11.548.jar:/Users/ajmac1085/.m2/repository/com/amazonaws/aws-java-sdk-logs/1.11.548/aws-java-sdk-logs-1.11.548.jar:/Users/ajmac1085/.m2/repository/com/amazonaws/aws-java-sdk-events/1.11.548/aws-java-sdk-events-1.11.548.jar:/Users/ajmac1085/.m2/repository/com/amazonaws/aws-java-sdk-cognitoidentity/1.11.548/aws-java-sdk-cognitoidentity-1.11.548.jar:/Users/ajmac1085/.m2/repository/com/amazonaws/aws-java-sdk-cognitosync/1.11.548/aws-java-sdk-cognitosync-1.11.548.jar:/Users/ajmac1085/.m2/repository/com/amazonaws/aws-java-sdk-directconnect/1.11.548/aws-java-sdk-directconnect-1.11.548.jar:/Users/ajmac1085/.m2/repository/com/amazonaws/aws-java-sdk-cloudformation/1.11.548/aws-java-sdk-cloudformation-1.11.548.jar:/Users/ajmac1085/.m2/repository/com/amazonaws/aws-java-sdk-cloudfront/1.11.548/aws-java-sdk-cloudfront-1.11.548.jar:/Users/ajmac1085/.m2/repository/com/amazonaws/aws-java-sdk-clouddirectory/1.11.548/aws-java-sdk-clouddirectory-1.11.548.jar:/Users/ajmac1085/.m2/repository/com/amazonaws/aws-java-sdk-kinesis/1.11.548/aws-java-sdk-kinesis-1.11.548.jar:/Users/ajmac1085/.m2/repository/com/amazonaws/aws-java-sdk-opsworks/1.11.548/aws-java-sdk-opsworks-1.11.548.jar:/Users/ajmac1085/.m2/repository/com/amazonaws/aws-java-sdk-ses/1.11.548/aws-java-sdk-ses-1.11.548.jar:/Users/ajmac1085/.m2/repository/com/amazonaws/aws-java-sdk-autoscaling/1.11.548/aws-java-sdk-autoscaling-1.11.548.jar:/Users/ajmac1085/.m2/repository/com/amazonaws/aws-java-sdk-cloudsearch/1.11.548/aws-java-sdk-cloudsearch-1.11.548.jar:/Users/ajmac1085/.m2/repository/com/amazonaws/aws-java-sdk-cloudwatchmetrics/1.11.548/aws-java-sdk-cloudwatchmetrics-1.11.548.jar:/Users/ajmac1085/.m2/repository/com/amazonaws/aws-java-sdk-codedeploy/1.11.548/aws-java-sdk-codedeploy-1.11.548.jar:/Users/ajmac1085/.m2/repository/com/amazonaws/aws-java-sdk-codepipeline/1.11.548/aws-java-sdk-codepipeline-1.11.548.jar:/Users/ajmac1085/.m2/repository/com/amazonaws/aws-java-sdk-kms/1.11.548/aws-java-sdk-kms-1.11.548.jar:/Users/ajmac1085/.m2/repository/com/amazonaws/aws-java-sdk-config/1.11.548/aws-java-sdk-config-1.11.548.jar:/Users/ajmac1085/.m2/repository/com/amazonaws/aws-java-sdk-lambda/1.11.548/aws-java-sdk-lambda-1.11.548.jar:/Users/ajmac1085/.m2/repository/com/amazonaws/aws-java-sdk-ecs/1.11.548/aws-java-sdk-ecs-1.11.548.jar:/Users/ajmac1085/.m2/repository/com/amazonaws/aws-java-sdk-ecr/1.11.548/aws-java-sdk-ecr-1.11.548.jar:/Users/ajmac1085/.m2/repository/com/amazonaws/aws-java-sdk-cloudhsm/1.11.548/aws-java-sdk-cloudhsm-1.11.548.jar:/Users/ajmac1085/.m2/repository/com/amazonaws/aws-java-sdk-ssm/1.11.548/aws-java-sdk-ssm-1.11.548.jar:/Users/ajmac1085/.m2/repository/com/amazonaws/aws-java-sdk-workspaces/1.11.548/aws-java-sdk-workspaces-1.11.548.jar:/Users/ajmac1085/.m2/repository/com/amazonaws/aws-java-sdk-machinelearning/1.11.548/aws-java-sdk-machinelearning-1.11.548.jar:/Users/ajmac1085/.m2/repository/com/amazonaws/aws-java-sdk-directory/1.11.548/aws-java-sdk-directory-1.11.548.jar:/Users/ajmac1085/.m2/repository/com/amazonaws/aws-java-sdk-efs/1.11.548/aws-java-sdk-efs-1.11.548.jar:/Users/ajmac1085/.m2/repository/com/amazonaws/aws-java-sdk-codecommit/1.11.548/aws-java-sdk-codecommit-1.11.548.jar:/Users/ajmac1085/.m2/repository/com/amazonaws/aws-java-sdk-devicefarm/1.11.548/aws-java-sdk-devicefarm-1.11.548.jar:/Users/ajmac1085/.m2/repository/com/amazonaws/aws-java-sdk-elasticsearch/1.11.548/aws-java-sdk-elasticsearch-1.11.548.jar:/Users/ajmac1085/.m2/repository/com/amazonaws/aws-java-sdk-waf/1.11.548/aws-java-sdk-waf-1.11.548.jar:/Users/ajmac1085/.m2/repository/com/amazonaws/aws-java-sdk-marketplacecommerceanalytics/1.11.548/aws-java-sdk-marketplacecommerceanalytics-1.11.548.jar:/Users/ajmac1085/.m2/repository/com/amazonaws/aws-java-sdk-inspector/1.11.548/aws-java-sdk-inspector-1.11.548.jar:/Users/ajmac1085/.m2/repository/com/amazonaws/aws-java-sdk-iot/1.11.548/aws-java-sdk-iot-1.11.548.jar:/Users/ajmac1085/.m2/repository/com/amazonaws/aws-java-sdk-api-gateway/1.11.548/aws-java-sdk-api-gateway-1.11.548.jar:/Users/ajmac1085/.m2/repository/com/amazonaws/aws-java-sdk-acm/1.11.548/aws-java-sdk-acm-1.11.548.jar:/Users/ajmac1085/.m2/repository/com/amazonaws/aws-java-sdk-gamelift/1.11.548/aws-java-sdk-gamelift-1.11.548.jar:/Users/ajmac1085/.m2/repository/com/amazonaws/aws-java-sdk-dms/1.11.548/aws-java-sdk-dms-1.11.548.jar:/Users/ajmac1085/.m2/repository/com/amazonaws/aws-java-sdk-marketplacemeteringservice/1.11.548/aws-java-sdk-marketplacemeteringservice-1.11.548.jar:/Users/ajmac1085/.m2/repository/com/amazonaws/aws-java-sdk-cognitoidp/1.11.548/aws-java-sdk-cognitoidp-1.11.548.jar:/Users/ajmac1085/.m2/repository/com/amazonaws/aws-java-sdk-discovery/1.11.548/aws-java-sdk-discovery-1.11.548.jar:/Users/ajmac1085/.m2/repository/com/amazonaws/aws-java-sdk-applicationautoscaling/1.11.548/aws-java-sdk-applicationautoscaling-1.11.548.jar:/Users/ajmac1085/.m2/repository/com/amazonaws/aws-java-sdk-snowball/1.11.548/aws-java-sdk-snowball-1.11.548.jar:/Users/ajmac1085/.m2/repository/com/amazonaws/aws-java-sdk-rekognition/1.11.548/aws-java-sdk-rekognition-1.11.548.jar:/Users/ajmac1085/.m2/repository/com/amazonaws/aws-java-sdk-polly/1.11.548/aws-java-sdk-polly-1.11.548.jar:/Users/ajmac1085/.m2/repository/com/amazonaws/aws-java-sdk-lightsail/1.11.548/aws-java-sdk-lightsail-1.11.548.jar:/Users/ajmac1085/.m2/repository/com/amazonaws/aws-java-sdk-stepfunctions/1.11.548/aws-java-sdk-stepfunctions-1.11.548.jar:/Users/ajmac1085/.m2/repository/com/amazonaws/aws-java-sdk-health/1.11.548/aws-java-sdk-health-1.11.548.jar:/Users/ajmac1085/.m2/repository/com/amazonaws/aws-java-sdk-costandusagereport/1.11.548/aws-java-sdk-costandusagereport-1.11.548.jar:/Users/ajmac1085/.m2/repository/com/amazonaws/aws-java-sdk-codebuild/1.11.548/aws-java-sdk-codebuild-1.11.548.jar:/Users/ajmac1085/.m2/repository/com/amazonaws/aws-java-sdk-appstream/1.11.548/aws-java-sdk-appstream-1.11.548.jar:/Users/ajmac1085/.m2/repository/com/amazonaws/aws-java-sdk-shield/1.11.548/aws-java-sdk-shield-1.11.548.jar:/Users/ajmac1085/.m2/repository/com/amazonaws/aws-java-sdk-batch/1.11.548/aws-java-sdk-batch-1.11.548.jar:/Users/ajmac1085/.m2/repository/com/amazonaws/aws-java-sdk-lex/1.11.548/aws-java-sdk-lex-1.11.548.jar:/Users/ajmac1085/.m2/repository/com/amazonaws/aws-java-sdk-mechanicalturkrequester/1.11.548/aws-java-sdk-mechanicalturkrequester-1.11.548.jar:/Users/ajmac1085/.m2/repository/com/amazonaws/aws-java-sdk-organizations/1.11.548/aws-java-sdk-organizations-1.11.548.jar:/Users/ajmac1085/.m2/repository/com/amazonaws/aws-java-sdk-workdocs/1.11.548/aws-java-sdk-workdocs-1.11.548.jar:/Users/ajmac1085/.m2/repository/com/amazonaws/aws-java-sdk-core/1.11.548/aws-java-sdk-core-1.11.548.jar:/Users/ajmac1085/.m2/repository/software/amazon/ion/ion-java/1.0.2/ion-java-1.0.2.jar:/Users/ajmac1085/.m2/repository/com/fasterxml/jackson/core/jackson-databind/2.6.7.2/jackson-databind-2.6.7.2.jar:/Users/ajmac1085/.m2/repository/com/fasterxml/jackson/core/jackson-annotations/2.6.0/jackson-annotations-2.6.0.jar:/Users/ajmac1085/.m2/repository/com/fasterxml/jackson/core/jackson-core/2.6.7/jackson-core-2.6.7.jar:/Users/ajmac1085/.m2/repository/com/fasterxml/jackson/dataformat/jackson-dataformat-cbor/2.6.7/jackson-dataformat-cbor-2.6.7.jar:/Users/ajmac1085/.m2/repository/joda-time/joda-time/2.8.1/joda-time-2.8.1.jar:/Users/ajmac1085/.m2/repository/com/amazonaws/aws-java-sdk-models/1.11.548/aws-java-sdk-models-1.11.548.jar:/Users/ajmac1085/.m2/repository/com/amazonaws/aws-java-sdk-swf-libraries/1.11.22/aws-java-sdk-swf-libraries-1.11.22.jar:/Users/ajmac1085/.m2/repository/ru/yandex/qatools/ashot/ashot/1.5.2/ashot-1.5.2.jar:/Users/ajmac1085/.m2/repository/org/seleniumhq/selenium/selenium-java/2.47.2/selenium-java-2.47.2.jar:/Users/ajmac1085/.m2/repository/org/seleniumhq/selenium/selenium-htmlunit-driver/2.47.2/selenium-htmlunit-driver-2.47.2.jar:/Users/ajmac1085/.m2/repository/net/sourceforge/htmlunit/htmlunit/2.17/htmlunit-2.17.jar:/Users/ajmac1085/.m2/repository/xalan/xalan/2.7.2/xalan-2.7.2.jar:/Users/ajmac1085/.m2/repository/xalan/serializer/2.7.2/serializer-2.7.2.jar:/Users/ajmac1085/.m2/repository/commons-collections/commons-collections/3.2.1/commons-collections-3.2.1.jar:/Users/ajmac1085/.m2/repository/net/sourceforge/htmlunit/htmlunit-core-js/2.17/htmlunit-core-js-2.17.jar:/Users/ajmac1085/.m2/repository/xerces/xercesImpl/2.11.0/xercesImpl-2.11.0.jar:/Users/ajmac1085/.m2/repository/xml-apis/xml-apis/1.4.01/xml-apis-1.4.01.jar:/Users/ajmac1085/.m2/repository/net/sourceforge/nekohtml/nekohtml/1.9.22/nekohtml-1.9.22.jar:/Users/ajmac1085/.m2/repository/net/sourceforge/cssparser/cssparser/0.9.16/cssparser-0.9.16.jar:/Users/ajmac1085/.m2/repository/org/w3c/css/sac/1.3/sac-1.3.jar:/Users/ajmac1085/.m2/repository/org/eclipse/jetty/websocket/websocket-client/9.2.11.v20150529/websocket-client-9.2.11.v20150529.jar:/Users/ajmac1085/.m2/repository/org/eclipse/jetty/jetty-util/9.2.11.v20150529/jetty-util-9.2.11.v20150529.jar:/Users/ajmac1085/.m2/repository/org/eclipse/jetty/jetty-io/9.2.11.v20150529/jetty-io-9.2.11.v20150529.jar:/Users/ajmac1085/.m2/repository/org/eclipse/jetty/websocket/websocket-common/9.2.11.v20150529/websocket-common-9.2.11.v20150529.jar:/Users/ajmac1085/.m2/repository/org/eclipse/jetty/websocket/websocket-api/9.2.11.v20150529/websocket-api-9.2.11.v20150529.jar:/Users/ajmac1085/.m2/repository/org/seleniumhq/selenium/selenium-firefox-driver/2.47.2/selenium-firefox-driver-2.47.2.jar:/Users/ajmac1085/.m2/repository/org/seleniumhq/selenium/selenium-ie-driver/2.47.2/selenium-ie-driver-2.47.2.jar:/Users/ajmac1085/.m2/repository/net/java/dev/jna/jna/4.1.0/jna-4.1.0.jar:/Users/ajmac1085/.m2/repository/net/java/dev/jna/jna-platform/4.1.0/jna-platform-4.1.0.jar:/Users/ajmac1085/.m2/repository/org/seleniumhq/selenium/selenium-safari-driver/2.47.2/selenium-safari-driver-2.47.2.jar:/Users/ajmac1085/.m2/repository/org/webbitserver/webbit/0.4.14/webbit-0.4.14.jar:/Users/ajmac1085/.m2/repository/io/netty/netty/3.5.2.Final/netty-3.5.2.Final.jar:/Users/ajmac1085/.m2/repository/org/seleniumhq/selenium/selenium-leg-rc/2.47.2/selenium-leg-rc-2.47.2.jar:/Users/ajmac1085/.m2/repository/com/googlecode/lambdaj/lambdaj/2.3.3/lambdaj-2.3.3.jar:/Users/ajmac1085/.m2/repository/org/objenesis/objenesis/1.2/objenesis-1.2.jar:/Users/ajmac1085/.m2/repository/cglib/cglib-nodep/2.2/cglib-nodep-2.2.jar:/Users/ajmac1085/.m2/repository/org/apache/maven/surefire/surefire-testng-utils/2.21.0/surefire-testng-utils-2.21.0.jar:/Users/ajmac1085/.m2/repository/org/apache/maven/surefire/surefire-grouper/2.21.0/surefire-grouper-2.21.0.jar:"/>
    <property name="java.vm.vendor" value="Oracle Corporation"/>
    <property name="sun.arch.data.model" value="64"/>
    <property name="java.vendor.url" value="http://java.oracle.com/"/>
    <property name="user.timezone" value=""/>
    <property name="user.country.format" value="IN"/>
    <property name="java.vm.specification.version" value="1.8"/>
    <property name="os.name" value="Mac OS X"/>
    <property name="user.country" value="GB"/>
    <property name="sun.java.launcher" value="SUN_STANDARD"/>
    <property name="sun.boot.library.path" value="/Library/Java/JavaVirtualMachines/jdk1.8.0_221.jdk/Contents/Home/jre/lib"/>
    <property name="sun.java.command" value="/Users/ajmac1085/Documents/Zomato-api/target/surefire/surefirebooter6311114525426015932.jar /Users/ajmac1085/Documents/Zomato-api/target/surefire 2020-07-15T13-56-28_747-jvmRun1 surefire6721665776953207452tmp surefire_03378325421901660007tmp"/>
    <property name="http.nonProxyHosts" value="local|*.local|169.254/16|*.169.254/16"/>
    <property name="surefire.test.class.path" value="/Users/ajmac1085/Documents/Zomato-api/target/test-classes:/Users/ajmac1085/Documents/Zomato-api/target/classes:/Users/ajmac1085/.m2/repository/org/freemarker/freemarker/2.3.23/freemarker-2.3.23.jar:/Users/ajmac1085/.m2/repository/commons-io/commons-io/2.6/commons-io-2.6.jar:/Users/ajmac1085/.m2/repository/org/seleniumhq/selenium/selenium-support/3.12.0/selenium-support-3.12.0.jar:/Users/ajmac1085/.m2/repository/org/seleniumhq/selenium/selenium-api/3.12.0/selenium-api-3.12.0.jar:/Users/ajmac1085/.m2/repository/org/seleniumhq/selenium/selenium-remote-driver/3.12.0/selenium-remote-driver-3.12.0.jar:/Users/ajmac1085/.m2/repository/net/bytebuddy/byte-buddy/1.8.3/byte-buddy-1.8.3.jar:/Users/ajmac1085/.m2/repository/org/apache/commons/commons-exec/1.3/commons-exec-1.3.jar:/Users/ajmac1085/.m2/repository/commons-codec/commons-codec/1.10/commons-codec-1.10.jar:/Users/ajmac1085/.m2/repository/commons-logging/commons-logging/1.2/commons-logging-1.2.jar:/Users/ajmac1085/.m2/repository/com/google/guava/guava/23.6-jre/guava-23.6-jre.jar:/Users/ajmac1085/.m2/repository/com/google/code/findbugs/jsr305/1.3.9/jsr305-1.3.9.jar:/Users/ajmac1085/.m2/repository/org/checkerframework/checker-compat-qual/2.0.0/checker-compat-qual-2.0.0.jar:/Users/ajmac1085/.m2/repository/com/google/errorprone/error_prone_annotations/2.1.3/error_prone_annotations-2.1.3.jar:/Users/ajmac1085/.m2/repository/com/google/j2objc/j2objc-annotations/1.1/j2objc-annotations-1.1.jar:/Users/ajmac1085/.m2/repository/org/codehaus/mojo/animal-sniffer-annotations/1.14/animal-sniffer-annotations-1.14.jar:/Users/ajmac1085/.m2/repository/org/apache/httpcomponents/httpclient/4.5.3/httpclient-4.5.3.jar:/Users/ajmac1085/.m2/repository/org/apache/httpcomponents/httpcore/4.4.6/httpcore-4.4.6.jar:/Users/ajmac1085/.m2/repository/com/squareup/okio/okio/1.13.0/okio-1.13.0.jar:/Users/ajmac1085/.m2/repository/log4j/log4j/1.2.17/log4j-1.2.17.jar:/Users/ajmac1085/.m2/repository/org/testng/testng/6.14.2/testng-6.14.2.jar:/Users/ajmac1085/.m2/repository/com/beust/jcommander/1.72/jcommander-1.72.jar:/Users/ajmac1085/.m2/repository/org/apache-extras/beanshell/bsh/2.0b6/bsh-2.0b6.jar:/Users/ajmac1085/.m2/repository/com/aventstack/extentreports/3.1.5/extentreports-3.1.5.jar:/Users/ajmac1085/.m2/repository/org/mongodb/mongodb-driver/3.3.0/mongodb-driver-3.3.0.jar:/Users/ajmac1085/.m2/repository/org/mongodb/bson/3.3.0/bson-3.3.0.jar:/Users/ajmac1085/.m2/repository/org/mongodb/mongodb-driver-core/3.3.0/mongodb-driver-core-3.3.0.jar:/Users/ajmac1085/.m2/repository/org/apache/httpcomponents/httpmime/4.5.2/httpmime-4.5.2.jar:/Users/ajmac1085/.m2/repository/org/jsoup/jsoup/1.9.2/jsoup-1.9.2.jar:/Users/ajmac1085/.m2/repository/org/seleniumhq/selenium/selenium-chrome-driver/3.11.0/selenium-chrome-driver-3.11.0.jar:/Users/ajmac1085/.m2/repository/org/hamcrest/hamcrest-all/1.3/hamcrest-all-1.3.jar:/Users/ajmac1085/.m2/repository/com/google/code/gson/gson/2.6.2/gson-2.6.2.jar:/Users/ajmac1085/.m2/repository/com/jayway/restassured/rest-assured/2.9.0/rest-assured-2.9.0.jar:/Users/ajmac1085/.m2/repository/org/codehaus/groovy/groovy/2.4.4/groovy-2.4.4.jar:/Users/ajmac1085/.m2/repository/org/codehaus/groovy/groovy-xml/2.4.4/groovy-xml-2.4.4.jar:/Users/ajmac1085/.m2/repository/org/hamcrest/hamcrest-core/1.3/hamcrest-core-1.3.jar:/Users/ajmac1085/.m2/repository/org/hamcrest/hamcrest-library/1.3/hamcrest-library-1.3.jar:/Users/ajmac1085/.m2/repository/org/ccil/cowan/tagsoup/tagsoup/1.2.1/tagsoup-1.2.1.jar:/Users/ajmac1085/.m2/repository/com/jayway/restassured/json-path/2.9.0/json-path-2.9.0.jar:/Users/ajmac1085/.m2/repository/org/codehaus/groovy/groovy-json/2.4.4/groovy-json-2.4.4.jar:/Users/ajmac1085/.m2/repository/com/jayway/restassured/rest-assured-common/2.9.0/rest-assured-common-2.9.0.jar:/Users/ajmac1085/.m2/repository/com/jayway/restassured/xml-path/2.9.0/xml-path-2.9.0.jar:/Users/ajmac1085/.m2/repository/org/apache/commons/commons-lang3/3.3.2/commons-lang3-3.3.2.jar:/Users/ajmac1085/.m2/repository/com/squareup/okhttp3/okhttp/3.14.2/okhttp-3.14.2.jar:/Users/ajmac1085/.m2/repository/com/googlecode/json-simple/json-simple/1.1.1/json-simple-1.1.1.jar:/Users/ajmac1085/.m2/repository/junit/junit/4.10/junit-4.10.jar:/Users/ajmac1085/.m2/repository/com/amazonaws/aws-java-sdk/1.11.548/aws-java-sdk-1.11.548.jar:/Users/ajmac1085/.m2/repository/com/amazonaws/aws-java-sdk-managedblockchain/1.11.548/aws-java-sdk-managedblockchain-1.11.548.jar:/Users/ajmac1085/.m2/repository/com/amazonaws/jmespath-java/1.11.548/jmespath-java-1.11.548.jar:/Users/ajmac1085/.m2/repository/com/amazonaws/aws-java-sdk-textract/1.11.548/aws-java-sdk-textract-1.11.548.jar:/Users/ajmac1085/.m2/repository/com/amazonaws/aws-java-sdk-worklink/1.11.548/aws-java-sdk-worklink-1.11.548.jar:/Users/ajmac1085/.m2/repository/com/amazonaws/aws-java-sdk-backup/1.11.548/aws-java-sdk-backup-1.11.548.jar:/Users/ajmac1085/.m2/repository/com/amazonaws/aws-java-sdk-docdb/1.11.548/aws-java-sdk-docdb-1.11.548.jar:/Users/ajmac1085/.m2/repository/com/amazonaws/aws-java-sdk-apigatewayv2/1.11.548/aws-java-sdk-apigatewayv2-1.11.548.jar:/Users/ajmac1085/.m2/repository/com/amazonaws/aws-java-sdk-apigatewaymanagementapi/1.11.548/aws-java-sdk-apigatewaymanagementapi-1.11.548.jar:/Users/ajmac1085/.m2/repository/com/amazonaws/aws-java-sdk-kafka/1.11.548/aws-java-sdk-kafka-1.11.548.jar:/Users/ajmac1085/.m2/repository/com/amazonaws/aws-java-sdk-appmesh/1.11.548/aws-java-sdk-appmesh-1.11.548.jar:/Users/ajmac1085/.m2/repository/com/amazonaws/aws-java-sdk-licensemanager/1.11.548/aws-java-sdk-licensemanager-1.11.548.jar:/Users/ajmac1085/.m2/repository/com/amazonaws/aws-java-sdk-securityhub/1.11.548/aws-java-sdk-securityhub-1.11.548.jar:/Users/ajmac1085/.m2/repository/com/amazonaws/aws-java-sdk-fsx/1.11.548/aws-java-sdk-fsx-1.11.548.jar:/Users/ajmac1085/.m2/repository/com/amazonaws/aws-java-sdk-mediaconnect/1.11.548/aws-java-sdk-mediaconnect-1.11.548.jar:/Users/ajmac1085/.m2/repository/com/amazonaws/aws-java-sdk-kinesisanalyticsv2/1.11.548/aws-java-sdk-kinesisanalyticsv2-1.11.548.jar:/Users/ajmac1085/.m2/repository/com/amazonaws/aws-java-sdk-comprehendmedical/1.11.548/aws-java-sdk-comprehendmedical-1.11.548.jar:/Users/ajmac1085/.m2/repository/com/amazonaws/aws-java-sdk-globalaccelerator/1.11.548/aws-java-sdk-globalaccelerator-1.11.548.jar:/Users/ajmac1085/.m2/repository/com/amazonaws/aws-java-sdk-transfer/1.11.548/aws-java-sdk-transfer-1.11.548.jar:/Users/ajmac1085/.m2/repository/com/amazonaws/aws-java-sdk-datasync/1.11.548/aws-java-sdk-datasync-1.11.548.jar:/Users/ajmac1085/.m2/repository/com/amazonaws/aws-java-sdk-robomaker/1.11.548/aws-java-sdk-robomaker-1.11.548.jar:/Users/ajmac1085/.m2/repository/com/amazonaws/aws-java-sdk-amplify/1.11.548/aws-java-sdk-amplify-1.11.548.jar:/Users/ajmac1085/.m2/repository/com/amazonaws/aws-java-sdk-quicksight/1.11.548/aws-java-sdk-quicksight-1.11.548.jar:/Users/ajmac1085/.m2/repository/com/amazonaws/aws-java-sdk-rdsdata/1.11.548/aws-java-sdk-rdsdata-1.11.548.jar:/Users/ajmac1085/.m2/repository/com/amazonaws/aws-java-sdk-route53resolver/1.11.548/aws-java-sdk-route53resolver-1.11.548.jar:/Users/ajmac1085/.m2/repository/com/amazonaws/aws-java-sdk-ram/1.11.548/aws-java-sdk-ram-1.11.548.jar:/Users/ajmac1085/.m2/repository/com/amazonaws/aws-java-sdk-s3control/1.11.548/aws-java-sdk-s3control-1.11.548.jar:/Users/ajmac1085/.m2/repository/com/amazonaws/aws-java-sdk-pinpointsmsvoice/1.11.548/aws-java-sdk-pinpointsmsvoice-1.11.548.jar:/Users/ajmac1085/.m2/repository/com/amazonaws/aws-java-sdk-pinpointemail/1.11.548/aws-java-sdk-pinpointemail-1.11.548.jar:/Users/ajmac1085/.m2/repository/com/amazonaws/aws-java-sdk-chime/1.11.548/aws-java-sdk-chime-1.11.548.jar:/Users/ajmac1085/.m2/repository/com/amazonaws/aws-java-sdk-signer/1.11.548/aws-java-sdk-signer-1.11.548.jar:/Users/ajmac1085/.m2/repository/com/amazonaws/aws-java-sdk-dlm/1.11.548/aws-java-sdk-dlm-1.11.548.jar:/Users/ajmac1085/.m2/repository/com/amazonaws/aws-java-sdk-macie/1.11.548/aws-java-sdk-macie-1.11.548.jar:/Users/ajmac1085/.m2/repository/com/amazonaws/aws-java-sdk-eks/1.11.548/aws-java-sdk-eks-1.11.548.jar:/Users/ajmac1085/.m2/repository/com/amazonaws/aws-java-sdk-mediatailor/1.11.548/aws-java-sdk-mediatailor-1.11.548.jar:/Users/ajmac1085/.m2/repository/com/amazonaws/aws-java-sdk-neptune/1.11.548/aws-java-sdk-neptune-1.11.548.jar:/Users/ajmac1085/.m2/repository/com/amazonaws/aws-java-sdk-pi/1.11.548/aws-java-sdk-pi-1.11.548.jar:/Users/ajmac1085/.m2/repository/com/amazonaws/aws-java-sdk-iot1clickprojects/1.11.548/aws-java-sdk-iot1clickprojects-1.11.548.jar:/Users/ajmac1085/.m2/repository/com/amazonaws/aws-java-sdk-iot1clickdevices/1.11.548/aws-java-sdk-iot1clickdevices-1.11.548.jar:/Users/ajmac1085/.m2/repository/com/amazonaws/aws-java-sdk-iotanalytics/1.11.548/aws-java-sdk-iotanalytics-1.11.548.jar:/Users/ajmac1085/.m2/repository/com/amazonaws/aws-java-sdk-acmpca/1.11.548/aws-java-sdk-acmpca-1.11.548.jar:/Users/ajmac1085/.m2/repository/com/amazonaws/aws-java-sdk-secretsmanager/1.11.548/aws-java-sdk-secretsmanager-1.11.548.jar:/Users/ajmac1085/.m2/repository/com/amazonaws/aws-java-sdk-fms/1.11.548/aws-java-sdk-fms-1.11.548.jar:/Users/ajmac1085/.m2/repository/com/amazonaws/aws-java-sdk-connect/1.11.548/aws-java-sdk-connect-1.11.548.jar:/Users/ajmac1085/.m2/repository/com/amazonaws/aws-java-sdk-transcribe/1.11.548/aws-java-sdk-transcribe-1.11.548.jar:/Users/ajmac1085/.m2/repository/com/amazonaws/aws-java-sdk-autoscalingplans/1.11.548/aws-java-sdk-autoscalingplans-1.11.548.jar:/Users/ajmac1085/.m2/repository/com/amazonaws/aws-java-sdk-workmail/1.11.548/aws-java-sdk-workmail-1.11.548.jar:/Users/ajmac1085/.m2/repository/com/amazonaws/aws-java-sdk-servicediscovery/1.11.548/aws-java-sdk-servicediscovery-1.11.548.jar:/Users/ajmac1085/.m2/repository/com/amazonaws/aws-java-sdk-cloud9/1.11.548/aws-java-sdk-cloud9-1.11.548.jar:/Users/ajmac1085/.m2/repository/com/amazonaws/aws-java-sdk-serverlessapplicationrepository/1.11.548/aws-java-sdk-serverlessapplicationrepository-1.11.548.jar:/Users/ajmac1085/.m2/repository/com/amazonaws/aws-java-sdk-alexaforbusiness/1.11.548/aws-java-sdk-alexaforbusiness-1.11.548.jar:/Users/ajmac1085/.m2/repository/com/amazonaws/aws-java-sdk-resourcegroups/1.11.548/aws-java-sdk-resourcegroups-1.11.548.jar:/Users/ajmac1085/.m2/repository/com/amazonaws/aws-java-sdk-comprehend/1.11.548/aws-java-sdk-comprehend-1.11.548.jar:/Users/ajmac1085/.m2/repository/com/amazonaws/aws-java-sdk-translate/1.11.548/aws-java-sdk-translate-1.11.548.jar:/Users/ajmac1085/.m2/repository/com/amazonaws/aws-java-sdk-sagemaker/1.11.548/aws-java-sdk-sagemaker-1.11.548.jar:/Users/ajmac1085/.m2/repository/com/amazonaws/aws-java-sdk-iotjobsdataplane/1.11.548/aws-java-sdk-iotjobsdataplane-1.11.548.jar:/Users/ajmac1085/.m2/repository/com/amazonaws/aws-java-sdk-sagemakerruntime/1.11.548/aws-java-sdk-sagemakerruntime-1.11.548.jar:/Users/ajmac1085/.m2/repository/com/amazonaws/aws-java-sdk-kinesisvideo/1.11.548/aws-java-sdk-kinesisvideo-1.11.548.jar:/Users/ajmac1085/.m2/repository/io/netty/netty-codec-http/4.1.17.Final/netty-codec-http-4.1.17.Final.jar:/Users/ajmac1085/.m2/repository/io/netty/netty-codec/4.1.17.Final/netty-codec-4.1.17.Final.jar:/Users/ajmac1085/.m2/repository/io/netty/netty-handler/4.1.17.Final/netty-handler-4.1.17.Final.jar:/Users/ajmac1085/.m2/repository/io/netty/netty-buffer/4.1.17.Final/netty-buffer-4.1.17.Final.jar:/Users/ajmac1085/.m2/repository/io/netty/netty-common/4.1.17.Final/netty-common-4.1.17.Final.jar:/Users/ajmac1085/.m2/repository/io/netty/netty-transport/4.1.17.Final/netty-transport-4.1.17.Final.jar:/Users/ajmac1085/.m2/repository/io/netty/netty-resolver/4.1.17.Final/netty-resolver-4.1.17.Final.jar:/Users/ajmac1085/.m2/repository/com/amazonaws/aws-java-sdk-appsync/1.11.548/aws-java-sdk-appsync-1.11.548.jar:/Users/ajmac1085/.m2/repository/com/amazonaws/aws-java-sdk-guardduty/1.11.548/aws-java-sdk-guardduty-1.11.548.jar:/Users/ajmac1085/.m2/repository/com/amazonaws/aws-java-sdk-mq/1.11.548/aws-java-sdk-mq-1.11.548.jar:/Users/ajmac1085/.m2/repository/com/amazonaws/aws-java-sdk-mediaconvert/1.11.548/aws-java-sdk-mediaconvert-1.11.548.jar:/Users/ajmac1085/.m2/repository/com/amazonaws/aws-java-sdk-mediastore/1.11.548/aws-java-sdk-mediastore-1.11.548.jar:/Users/ajmac1085/.m2/repository/com/amazonaws/aws-java-sdk-mediastoredata/1.11.548/aws-java-sdk-mediastoredata-1.11.548.jar:/Users/ajmac1085/.m2/repository/com/amazonaws/aws-java-sdk-medialive/1.11.548/aws-java-sdk-medialive-1.11.548.jar:/Users/ajmac1085/.m2/repository/com/amazonaws/aws-java-sdk-mediapackage/1.11.548/aws-java-sdk-mediapackage-1.11.548.jar:/Users/ajmac1085/.m2/repository/com/amazonaws/aws-java-sdk-costexplorer/1.11.548/aws-java-sdk-costexplorer-1.11.548.jar:/Users/ajmac1085/.m2/repository/com/amazonaws/aws-java-sdk-pricing/1.11.548/aws-java-sdk-pricing-1.11.548.jar:/Users/ajmac1085/.m2/repository/com/amazonaws/aws-java-sdk-mobile/1.11.548/aws-java-sdk-mobile-1.11.548.jar:/Users/ajmac1085/.m2/repository/com/amazonaws/aws-java-sdk-cloudhsmv2/1.11.548/aws-java-sdk-cloudhsmv2-1.11.548.jar:/Users/ajmac1085/.m2/repository/com/amazonaws/aws-java-sdk-glue/1.11.548/aws-java-sdk-glue-1.11.548.jar:/Users/ajmac1085/.m2/repository/com/amazonaws/aws-java-sdk-migrationhub/1.11.548/aws-java-sdk-migrationhub-1.11.548.jar:/Users/ajmac1085/.m2/repository/com/amazonaws/aws-java-sdk-dax/1.11.548/aws-java-sdk-dax-1.11.548.jar:/Users/ajmac1085/.m2/repository/com/amazonaws/aws-java-sdk-greengrass/1.11.548/aws-java-sdk-greengrass-1.11.548.jar:/Users/ajmac1085/.m2/repository/com/amazonaws/aws-java-sdk-athena/1.11.548/aws-java-sdk-athena-1.11.548.jar:/Users/ajmac1085/.m2/repository/com/amazonaws/aws-java-sdk-marketplaceentitlement/1.11.548/aws-java-sdk-marketplaceentitlement-1.11.548.jar:/Users/ajmac1085/.m2/repository/com/amazonaws/aws-java-sdk-codestar/1.11.548/aws-java-sdk-codestar-1.11.548.jar:/Users/ajmac1085/.m2/repository/com/amazonaws/aws-java-sdk-lexmodelbuilding/1.11.548/aws-java-sdk-lexmodelbuilding-1.11.548.jar:/Users/ajmac1085/.m2/repository/com/amazonaws/aws-java-sdk-resourcegroupstaggingapi/1.11.548/aws-java-sdk-resourcegroupstaggingapi-1.11.548.jar:/Users/ajmac1085/.m2/repository/com/amazonaws/aws-java-sdk-pinpoint/1.11.548/aws-java-sdk-pinpoint-1.11.548.jar:/Users/ajmac1085/.m2/repository/com/amazonaws/aws-java-sdk-xray/1.11.548/aws-java-sdk-xray-1.11.548.jar:/Users/ajmac1085/.m2/repository/com/amazonaws/aws-java-sdk-opsworkscm/1.11.548/aws-java-sdk-opsworkscm-1.11.548.jar:/Users/ajmac1085/.m2/repository/com/amazonaws/aws-java-sdk-support/1.11.548/aws-java-sdk-support-1.11.548.jar:/Users/ajmac1085/.m2/repository/com/amazonaws/aws-java-sdk-simpledb/1.11.548/aws-java-sdk-simpledb-1.11.548.jar:/Users/ajmac1085/.m2/repository/com/amazonaws/aws-java-sdk-servicecatalog/1.11.548/aws-java-sdk-servicecatalog-1.11.548.jar:/Users/ajmac1085/.m2/repository/com/amazonaws/aws-java-sdk-servermigration/1.11.548/aws-java-sdk-servermigration-1.11.548.jar:/Users/ajmac1085/.m2/repository/com/amazonaws/aws-java-sdk-simpleworkflow/1.11.548/aws-java-sdk-simpleworkflow-1.11.548.jar:/Users/ajmac1085/.m2/repository/com/amazonaws/aws-java-sdk-storagegateway/1.11.548/aws-java-sdk-storagegateway-1.11.548.jar:/Users/ajmac1085/.m2/repository/com/amazonaws/aws-java-sdk-route53/1.11.548/aws-java-sdk-route53-1.11.548.jar:/Users/ajmac1085/.m2/repository/com/amazonaws/aws-java-sdk-s3/1.11.548/aws-java-sdk-s3-1.11.548.jar:/Users/ajmac1085/.m2/repository/com/amazonaws/aws-java-sdk-importexport/1.11.548/aws-java-sdk-importexport-1.11.548.jar:/Users/ajmac1085/.m2/repository/com/amazonaws/aws-java-sdk-sts/1.11.548/aws-java-sdk-sts-1.11.548.jar:/Users/ajmac1085/.m2/repository/com/amazonaws/aws-java-sdk-sqs/1.11.548/aws-java-sdk-sqs-1.11.548.jar:/Users/ajmac1085/.m2/repository/com/amazonaws/aws-java-sdk-rds/1.11.548/aws-java-sdk-rds-1.11.548.jar:/Users/ajmac1085/.m2/repository/com/amazonaws/aws-java-sdk-redshift/1.11.548/aws-java-sdk-redshift-1.11.548.jar:/Users/ajmac1085/.m2/repository/com/amazonaws/aws-java-sdk-elasticbeanstalk/1.11.548/aws-java-sdk-elasticbeanstalk-1.11.548.jar:/Users/ajmac1085/.m2/repository/com/amazonaws/aws-java-sdk-glacier/1.11.548/aws-java-sdk-glacier-1.11.548.jar:/Users/ajmac1085/.m2/repository/com/amazonaws/aws-java-sdk-iam/1.11.548/aws-java-sdk-iam-1.11.548.jar:/Users/ajmac1085/.m2/repository/com/amazonaws/aws-java-sdk-datapipeline/1.11.548/aws-java-sdk-datapipeline-1.11.548.jar:/Users/ajmac1085/.m2/repository/com/amazonaws/aws-java-sdk-elasticloadbalancing/1.11.548/aws-java-sdk-elasticloadbalancing-1.11.548.jar:/Users/ajmac1085/.m2/repository/com/amazonaws/aws-java-sdk-elasticloadbalancingv2/1.11.548/aws-java-sdk-elasticloadbalancingv2-1.11.548.jar:/Users/ajmac1085/.m2/repository/com/amazonaws/aws-java-sdk-emr/1.11.548/aws-java-sdk-emr-1.11.548.jar:/Users/ajmac1085/.m2/repository/com/amazonaws/aws-java-sdk-elasticache/1.11.548/aws-java-sdk-elasticache-1.11.548.jar:/Users/ajmac1085/.m2/repository/com/amazonaws/aws-java-sdk-elastictranscoder/1.11.548/aws-java-sdk-elastictranscoder-1.11.548.jar:/Users/ajmac1085/.m2/repository/com/amazonaws/aws-java-sdk-ec2/1.11.548/aws-java-sdk-ec2-1.11.548.jar:/Users/ajmac1085/.m2/repository/com/amazonaws/aws-java-sdk-dynamodb/1.11.548/aws-java-sdk-dynamodb-1.11.548.jar:/Users/ajmac1085/.m2/repository/com/amazonaws/aws-java-sdk-sns/1.11.548/aws-java-sdk-sns-1.11.548.jar:/Users/ajmac1085/.m2/repository/com/amazonaws/aws-java-sdk-budgets/1.11.548/aws-java-sdk-budgets-1.11.548.jar:/Users/ajmac1085/.m2/repository/com/amazonaws/aws-java-sdk-cloudtrail/1.11.548/aws-java-sdk-cloudtrail-1.11.548.jar:/Users/ajmac1085/.m2/repository/com/amazonaws/aws-java-sdk-cloudwatch/1.11.548/aws-java-sdk-cloudwatch-1.11.548.jar:/Users/ajmac1085/.m2/repository/com/amazonaws/aws-java-sdk-logs/1.11.548/aws-java-sdk-logs-1.11.548.jar:/Users/ajmac1085/.m2/repository/com/amazonaws/aws-java-sdk-events/1.11.548/aws-java-sdk-events-1.11.548.jar:/Users/ajmac1085/.m2/repository/com/amazonaws/aws-java-sdk-cognitoidentity/1.11.548/aws-java-sdk-cognitoidentity-1.11.548.jar:/Users/ajmac1085/.m2/repository/com/amazonaws/aws-java-sdk-cognitosync/1.11.548/aws-java-sdk-cognitosync-1.11.548.jar:/Users/ajmac1085/.m2/repository/com/amazonaws/aws-java-sdk-directconnect/1.11.548/aws-java-sdk-directconnect-1.11.548.jar:/Users/ajmac1085/.m2/repository/com/amazonaws/aws-java-sdk-cloudformation/1.11.548/aws-java-sdk-cloudformation-1.11.548.jar:/Users/ajmac1085/.m2/repository/com/amazonaws/aws-java-sdk-cloudfront/1.11.548/aws-java-sdk-cloudfront-1.11.548.jar:/Users/ajmac1085/.m2/repository/com/amazonaws/aws-java-sdk-clouddirectory/1.11.548/aws-java-sdk-clouddirectory-1.11.548.jar:/Users/ajmac1085/.m2/repository/com/amazonaws/aws-java-sdk-kinesis/1.11.548/aws-java-sdk-kinesis-1.11.548.jar:/Users/ajmac1085/.m2/repository/com/amazonaws/aws-java-sdk-opsworks/1.11.548/aws-java-sdk-opsworks-1.11.548.jar:/Users/ajmac1085/.m2/repository/com/amazonaws/aws-java-sdk-ses/1.11.548/aws-java-sdk-ses-1.11.548.jar:/Users/ajmac1085/.m2/repository/com/amazonaws/aws-java-sdk-autoscaling/1.11.548/aws-java-sdk-autoscaling-1.11.548.jar:/Users/ajmac1085/.m2/repository/com/amazonaws/aws-java-sdk-cloudsearch/1.11.548/aws-java-sdk-cloudsearch-1.11.548.jar:/Users/ajmac1085/.m2/repository/com/amazonaws/aws-java-sdk-cloudwatchmetrics/1.11.548/aws-java-sdk-cloudwatchmetrics-1.11.548.jar:/Users/ajmac1085/.m2/repository/com/amazonaws/aws-java-sdk-codedeploy/1.11.548/aws-java-sdk-codedeploy-1.11.548.jar:/Users/ajmac1085/.m2/repository/com/amazonaws/aws-java-sdk-codepipeline/1.11.548/aws-java-sdk-codepipeline-1.11.548.jar:/Users/ajmac1085/.m2/repository/com/amazonaws/aws-java-sdk-kms/1.11.548/aws-java-sdk-kms-1.11.548.jar:/Users/ajmac1085/.m2/repository/com/amazonaws/aws-java-sdk-config/1.11.548/aws-java-sdk-config-1.11.548.jar:/Users/ajmac1085/.m2/repository/com/amazonaws/aws-java-sdk-lambda/1.11.548/aws-java-sdk-lambda-1.11.548.jar:/Users/ajmac1085/.m2/repository/com/amazonaws/aws-java-sdk-ecs/1.11.548/aws-java-sdk-ecs-1.11.548.jar:/Users/ajmac1085/.m2/repository/com/amazonaws/aws-java-sdk-ecr/1.11.548/aws-java-sdk-ecr-1.11.548.jar:/Users/ajmac1085/.m2/repository/com/amazonaws/aws-java-sdk-cloudhsm/1.11.548/aws-java-sdk-cloudhsm-1.11.548.jar:/Users/ajmac1085/.m2/repository/com/amazonaws/aws-java-sdk-ssm/1.11.548/aws-java-sdk-ssm-1.11.548.jar:/Users/ajmac1085/.m2/repository/com/amazonaws/aws-java-sdk-workspaces/1.11.548/aws-java-sdk-workspaces-1.11.548.jar:/Users/ajmac1085/.m2/repository/com/amazonaws/aws-java-sdk-machinelearning/1.11.548/aws-java-sdk-machinelearning-1.11.548.jar:/Users/ajmac1085/.m2/repository/com/amazonaws/aws-java-sdk-directory/1.11.548/aws-java-sdk-directory-1.11.548.jar:/Users/ajmac1085/.m2/repository/com/amazonaws/aws-java-sdk-efs/1.11.548/aws-java-sdk-efs-1.11.548.jar:/Users/ajmac1085/.m2/repository/com/amazonaws/aws-java-sdk-codecommit/1.11.548/aws-java-sdk-codecommit-1.11.548.jar:/Users/ajmac1085/.m2/repository/com/amazonaws/aws-java-sdk-devicefarm/1.11.548/aws-java-sdk-devicefarm-1.11.548.jar:/Users/ajmac1085/.m2/repository/com/amazonaws/aws-java-sdk-elasticsearch/1.11.548/aws-java-sdk-elasticsearch-1.11.548.jar:/Users/ajmac1085/.m2/repository/com/amazonaws/aws-java-sdk-waf/1.11.548/aws-java-sdk-waf-1.11.548.jar:/Users/ajmac1085/.m2/repository/com/amazonaws/aws-java-sdk-marketplacecommerceanalytics/1.11.548/aws-java-sdk-marketplacecommerceanalytics-1.11.548.jar:/Users/ajmac1085/.m2/repository/com/amazonaws/aws-java-sdk-inspector/1.11.548/aws-java-sdk-inspector-1.11.548.jar:/Users/ajmac1085/.m2/repository/com/amazonaws/aws-java-sdk-iot/1.11.548/aws-java-sdk-iot-1.11.548.jar:/Users/ajmac1085/.m2/repository/com/amazonaws/aws-java-sdk-api-gateway/1.11.548/aws-java-sdk-api-gateway-1.11.548.jar:/Users/ajmac1085/.m2/repository/com/amazonaws/aws-java-sdk-acm/1.11.548/aws-java-sdk-acm-1.11.548.jar:/Users/ajmac1085/.m2/repository/com/amazonaws/aws-java-sdk-gamelift/1.11.548/aws-java-sdk-gamelift-1.11.548.jar:/Users/ajmac1085/.m2/repository/com/amazonaws/aws-java-sdk-dms/1.11.548/aws-java-sdk-dms-1.11.548.jar:/Users/ajmac1085/.m2/repository/com/amazonaws/aws-java-sdk-marketplacemeteringservice/1.11.548/aws-java-sdk-marketplacemeteringservice-1.11.548.jar:/Users/ajmac1085/.m2/repository/com/amazonaws/aws-java-sdk-cognitoidp/1.11.548/aws-java-sdk-cognitoidp-1.11.548.jar:/Users/ajmac1085/.m2/repository/com/amazonaws/aws-java-sdk-discovery/1.11.548/aws-java-sdk-discovery-1.11.548.jar:/Users/ajmac1085/.m2/repository/com/amazonaws/aws-java-sdk-applicationautoscaling/1.11.548/aws-java-sdk-applicationautoscaling-1.11.548.jar:/Users/ajmac1085/.m2/repository/com/amazonaws/aws-java-sdk-snowball/1.11.548/aws-java-sdk-snowball-1.11.548.jar:/Users/ajmac1085/.m2/repository/com/amazonaws/aws-java-sdk-rekognition/1.11.548/aws-java-sdk-rekognition-1.11.548.jar:/Users/ajmac1085/.m2/repository/com/amazonaws/aws-java-sdk-polly/1.11.548/aws-java-sdk-polly-1.11.548.jar:/Users/ajmac1085/.m2/repository/com/amazonaws/aws-java-sdk-lightsail/1.11.548/aws-java-sdk-lightsail-1.11.548.jar:/Users/ajmac1085/.m2/repository/com/amazonaws/aws-java-sdk-stepfunctions/1.11.548/aws-java-sdk-stepfunctions-1.11.548.jar:/Users/ajmac1085/.m2/repository/com/amazonaws/aws-java-sdk-health/1.11.548/aws-java-sdk-health-1.11.548.jar:/Users/ajmac1085/.m2/repository/com/amazonaws/aws-java-sdk-costandusagereport/1.11.548/aws-java-sdk-costandusagereport-1.11.548.jar:/Users/ajmac1085/.m2/repository/com/amazonaws/aws-java-sdk-codebuild/1.11.548/aws-java-sdk-codebuild-1.11.548.jar:/Users/ajmac1085/.m2/repository/com/amazonaws/aws-java-sdk-appstream/1.11.548/aws-java-sdk-appstream-1.11.548.jar:/Users/ajmac1085/.m2/repository/com/amazonaws/aws-java-sdk-shield/1.11.548/aws-java-sdk-shield-1.11.548.jar:/Users/ajmac1085/.m2/repository/com/amazonaws/aws-java-sdk-batch/1.11.548/aws-java-sdk-batch-1.11.548.jar:/Users/ajmac1085/.m2/repository/com/amazonaws/aws-java-sdk-lex/1.11.548/aws-java-sdk-lex-1.11.548.jar:/Users/ajmac1085/.m2/repository/com/amazonaws/aws-java-sdk-mechanicalturkrequester/1.11.548/aws-java-sdk-mechanicalturkrequester-1.11.548.jar:/Users/ajmac1085/.m2/repository/com/amazonaws/aws-java-sdk-organizations/1.11.548/aws-java-sdk-organizations-1.11.548.jar:/Users/ajmac1085/.m2/repository/com/amazonaws/aws-java-sdk-workdocs/1.11.548/aws-java-sdk-workdocs-1.11.548.jar:/Users/ajmac1085/.m2/repository/com/amazonaws/aws-java-sdk-core/1.11.548/aws-java-sdk-core-1.11.548.jar:/Users/ajmac1085/.m2/repository/software/amazon/ion/ion-java/1.0.2/ion-java-1.0.2.jar:/Users/ajmac1085/.m2/repository/com/fasterxml/jackson/core/jackson-databind/2.6.7.2/jackson-databind-2.6.7.2.jar:/Users/ajmac1085/.m2/repository/com/fasterxml/jackson/core/jackson-annotations/2.6.0/jackson-annotations-2.6.0.jar:/Users/ajmac1085/.m2/repository/com/fasterxml/jackson/core/jackson-core/2.6.7/jackson-core-2.6.7.jar:/Users/ajmac1085/.m2/repository/com/fasterxml/jackson/dataformat/jackson-dataformat-cbor/2.6.7/jackson-dataformat-cbor-2.6.7.jar:/Users/ajmac1085/.m2/repository/joda-time/joda-time/2.8.1/joda-time-2.8.1.jar:/Users/ajmac1085/.m2/repository/com/amazonaws/aws-java-sdk-models/1.11.548/aws-java-sdk-models-1.11.548.jar:/Users/ajmac1085/.m2/repository/com/amazonaws/aws-java-sdk-swf-libraries/1.11.22/aws-java-sdk-swf-libraries-1.11.22.jar:/Users/ajmac1085/.m2/repository/ru/yandex/qatools/ashot/ashot/1.5.2/ashot-1.5.2.jar:/Users/ajmac1085/.m2/repository/org/seleniumhq/selenium/selenium-java/2.47.2/selenium-java-2.47.2.jar:/Users/ajmac1085/.m2/repository/org/seleniumhq/selenium/selenium-htmlunit-driver/2.47.2/selenium-htmlunit-driver-2.47.2.jar:/Users/ajmac1085/.m2/repository/net/sourceforge/htmlunit/htmlunit/2.17/htmlunit-2.17.jar:/Users/ajmac1085/.m2/repository/xalan/xalan/2.7.2/xalan-2.7.2.jar:/Users/ajmac1085/.m2/repository/xalan/serializer/2.7.2/serializer-2.7.2.jar:/Users/ajmac1085/.m2/repository/commons-collections/commons-collections/3.2.1/commons-collections-3.2.1.jar:/Users/ajmac1085/.m2/repository/net/sourceforge/htmlunit/htmlunit-core-js/2.17/htmlunit-core-js-2.17.jar:/Users/ajmac1085/.m2/repository/xerces/xercesImpl/2.11.0/xercesImpl-2.11.0.jar:/Users/ajmac1085/.m2/repository/xml-apis/xml-apis/1.4.01/xml-apis-1.4.01.jar:/Users/ajmac1085/.m2/repository/net/sourceforge/nekohtml/nekohtml/1.9.22/nekohtml-1.9.22.jar:/Users/ajmac1085/.m2/repository/net/sourceforge/cssparser/cssparser/0.9.16/cssparser-0.9.16.jar:/Users/ajmac1085/.m2/repository/org/w3c/css/sac/1.3/sac-1.3.jar:/Users/ajmac1085/.m2/repository/org/eclipse/jetty/websocket/websocket-client/9.2.11.v20150529/websocket-client-9.2.11.v20150529.jar:/Users/ajmac1085/.m2/repository/org/eclipse/jetty/jetty-util/9.2.11.v20150529/jetty-util-9.2.11.v20150529.jar:/Users/ajmac1085/.m2/repository/org/eclipse/jetty/jetty-io/9.2.11.v20150529/jetty-io-9.2.11.v20150529.jar:/Users/ajmac1085/.m2/repository/org/eclipse/jetty/websocket/websocket-common/9.2.11.v20150529/websocket-common-9.2.11.v20150529.jar:/Users/ajmac1085/.m2/repository/org/eclipse/jetty/websocket/websocket-api/9.2.11.v20150529/websocket-api-9.2.11.v20150529.jar:/Users/ajmac1085/.m2/repository/org/seleniumhq/selenium/selenium-firefox-driver/2.47.2/selenium-firefox-driver-2.47.2.jar:/Users/ajmac1085/.m2/repository/org/seleniumhq/selenium/selenium-ie-driver/2.47.2/selenium-ie-driver-2.47.2.jar:/Users/ajmac1085/.m2/repository/net/java/dev/jna/jna/4.1.0/jna-4.1.0.jar:/Users/ajmac1085/.m2/repository/net/java/dev/jna/jna-platform/4.1.0/jna-platform-4.1.0.jar:/Users/ajmac1085/.m2/repository/org/seleniumhq/selenium/selenium-safari-driver/2.47.2/selenium-safari-driver-2.47.2.jar:/Users/ajmac1085/.m2/repository/org/webbitserver/webbit/0.4.14/webbit-0.4.14.jar:/Users/ajmac1085/.m2/repository/io/netty/netty/3.5.2.Final/netty-3.5.2.Final.jar:/Users/ajmac1085/.m2/repository/org/seleniumhq/selenium/selenium-leg-rc/2.47.2/selenium-leg-rc-2.47.2.jar:/Users/ajmac1085/.m2/repository/com/googlecode/lambdaj/lambdaj/2.3.3/lambdaj-2.3.3.jar:/Users/ajmac1085/.m2/repository/org/objenesis/objenesis/1.2/objenesis-1.2.jar:/Users/ajmac1085/.m2/repository/cglib/cglib-nodep/2.2/cglib-nodep-2.2.jar:/Users/ajmac1085/.m2/repository/org/apache/maven/surefire/surefire-testng-utils/2.21.0/surefire-testng-utils-2.21.0.jar:/Users/ajmac1085/.m2/repository/org/apache/maven/surefire/surefire-grouper/2.21.0/surefire-grouper-2.21.0.jar:"/>
    <property name="sun.cpu.endian" value="little"/>
    <property name="user.home" value="/Users/ajmac1085"/>
    <property name="user.language" value="en"/>
    <property name="java.specification.vendor" value="Oracle Corporation"/>
    <property name="java.home" value="/Library/Java/JavaVirtualMachines/jdk1.8.0_221.jdk/Contents/Home/jre"/>
    <property name="basedir" value="/Users/ajmac1085/Documents/Zomato-api"/>
    <property name="file.separator" value="/"/>
    <property name="line.separator" value="&#10;"/>
    <property name="java.vm.specification.vendor" value="Oracle Corporation"/>
    <property name="java.specification.name" value="Java Platform API Specification"/>
    <property name="java.awt.graphicsenv" value="sun.awt.CGraphicsEnvironment"/>
    <property name="surefire.real.class.path" value="/Users/ajmac1085/Documents/Zomato-api/target/surefire/surefirebooter6311114525426015932.jar"/>
    <property name="sun.boot.class.path" value="/Library/Java/JavaVirtualMachines/jdk1.8.0_221.jdk/Contents/Home/jre/lib/resources.jar:/Library/Java/JavaVirtualMachines/jdk1.8.0_221.jdk/Contents/Home/jre/lib/rt.jar:/Library/Java/JavaVirtualMachines/jdk1.8.0_221.jdk/Contents/Home/jre/lib/sunrsasign.jar:/Library/Java/JavaVirtualMachines/jdk1.8.0_221.jdk/Contents/Home/jre/lib/jsse.jar:/Library/Java/JavaVirtualMachines/jdk1.8.0_221.jdk/Contents/Home/jre/lib/jce.jar:/Library/Java/JavaVirtualMachines/jdk1.8.0_221.jdk/Contents/Home/jre/lib/charsets.jar:/Library/Java/JavaVirtualMachines/jdk1.8.0_221.jdk/Contents/Home/jre/lib/jfr.jar:/Library/Java/JavaVirtualMachines/jdk1.8.0_221.jdk/Contents/Home/jre/classes"/>
    <property name="sun.management.compiler" value="HotSpot 64-Bit Tiered Compilers"/>
    <property name="ftp.nonProxyHosts" value="local|*.local|169.254/16|*.169.254/16"/>
    <property name="java.runtime.version" value="1.8.0_221-b11"/>
    <property name="user.name" value="ajmac1085"/>
    <property name="path.separator" value=":"/>
    <property name="os.version" value="10.14.6"/>
    <property name="java.endorsed.dirs" value="/Library/Java/JavaVirtualMachines/jdk1.8.0_221.jdk/Contents/Home/jre/lib/endorsed"/>
    <property name="java.runtime.name" value="Java(TM) SE Runtime Environment"/>
    <property name="file.encoding" value="UTF-8"/>
    <property name="java.vm.name" value="Java HotSpot(TM) 64-Bit Server VM"/>
    <property name="localRepository" value="/Users/ajmac1085/.m2/repository"/>
    <property name="java.vendor.url.bug" value="http://bugreport.sun.com/bugreport/"/>
    <property name="java.io.tmpdir" value="/var/folders/r3/gw819xyx7rb5lvp0_d_cpzy40000gp/T/"/>
    <property name="java.version" value="1.8.0_221"/>
    <property name="user.dir" value="/Users/ajmac1085/Documents/Zomato-api"/>
    <property name="os.arch" value="x86_64"/>
    <property name="java.vm.specification.name" value="Java Virtual Machine Specification"/>
    <property name="java.awt.printerjob" value="sun.lwawt.macosx.CPrinterJob"/>
    <property name="sun.os.patch.level" value="unknown"/>
    <property name="java.library.path" value="/Users/ajmac1085/Library/Java/Extensions:/Library/Java/Extensions:/Network/Library/Java/Extensions:/System/Library/Java/Extensions:/usr/lib/java:."/>
    <property name="java.vm.info" value="mixed mode"/>
    <property name="java.vendor" value="Oracle Corporation"/>
    <property name="java.vm.version" value="25.221-b11"/>
    <property name="java.ext.dirs" value="/Users/ajmac1085/Library/Java/Extensions:/Library/Java/JavaVirtualMachines/jdk1.8.0_221.jdk/Contents/Home/jre/lib/ext:/Library/Java/Extensions:/Network/Library/Java/Extensions:/System/Library/Java/Extensions:/usr/lib/java"/>
    <property name="sun.io.unicode.encoding" value="UnicodeBig"/>
    <property name="java.class.version" value="52.0"/>
    <property name="socksNonProxyHosts" value="local|*.local|169.254/16|*.169.254/16"/>
  </properties>
  <testcase name="checksuccessresponsecode" classname="com.qa.TestCase.City" time="1.274"/>
  <testcase name="checkcountresponse" classname="com.qa.TestCase.City" time="0.478"/>
  <testcase name="check1" classname="com.qa.TestCase.City" time="0.876"/>
  <testcase name="checkcityid" classname="com.qa.TestCase.City" time="0.27"/>
  <testcase name="checksuccessresponsecode" classname="com.qa.TestCase.Dailymenu" time="0.465"/>
  <testcase name="checkrestid" classname="com.qa.TestCase.Dailymenu" time="0.393"/>
  <testcase name="validatedailymenu" classname="com.qa.TestCase.Dailymenu" time="0.364"/>
  <testcase name="checksuccessresponsecode" classname="com.qa.TestCase.Establishments" time="0.27"/>
  <testcase name="checkrestid" classname="com.qa.TestCase.Establishments" time="0.45"/>
  <testcase name="checksuccessresponsecodewithlatitudelongitude" classname="com.qa.TestCase.Establishments" time="0.278"/>
  <testcase name="checkestablishmentidresponse" classname="com.qa.TestCase.Establishments" time="0.294"/>
  <testcase name="checksuccessresponsecode" classname="com.qa.TestCase.Location" time="0.257"/>
  <testcase name="checkentityid" classname="com.qa.TestCase.Location" time="0.247"/>
  <testcase name="checkentitytype" classname="com.qa.TestCase.Location" time="0.175"/>
  <testcase name="validateentityidandtype" classname="com.qa.TestCase.Location" time="0.326"/>
</testsuite>