<?xml version="1.0" encoding="UTF-8"?>
<!-- Generated by org.testng.reporters.JUnitReportReporter -->
<testsuite skipped="0" hostname="administrators-MacBook-Pro-3.local" name="com.qa.TestCase.City" tests="4" failures="0" timestamp="14 Jul 2020 15:16:57 GMT" time="2.306" errors="0">
  <testcase name="checksuccessresponsecode" time="0.986" classname="com.qa.TestCase.City"/>
  <testcase name="checkcountresponse" time="0.198" classname="com.qa.TestCase.City"/>
  <testcase name="check1" time="0.990" classname="com.qa.TestCase.City"/>
  <testcase name="checkcityid" time="0.132" classname="com.qa.TestCase.City"/>
</testsuite> <!-- com.qa.TestCase.City -->
