<?xml version="1.0" encoding="UTF-8"?>
<!-- Generated by org.testng.reporters.JUnitReportReporter -->
<testsuite skipped="0" hostname="administrators-MacBook-Pro-3.local" name="com.qa.TestCase.check" tests="1" failures="0" timestamp="29 May 2020 06:33:06 GMT" time="70.026" errors="0">
  <testcase name="testpfexit" time="70.026" classname="com.qa.TestCase.check"/>
</testsuite> <!-- com.qa.TestCase.check -->
