<?xml version="1.0" encoding="UTF-8"?>
<!-- Generated by org.testng.reporters.JUnitReportReporter -->
<testsuite skipped="0" hostname="administrators-MacBook-Pro-3.local" name="com.qa.network.graphql.City" tests="4" failures="0" timestamp="14 Jul 2020 11:15:37 GMT" time="4.168" errors="0">
  <testcase name="checksuccessresponsecode" time="2.254" classname="com.qa.network.graphql.City"/>
  <testcase name="checkcountresponse" time="0.266" classname="com.qa.network.graphql.City"/>
  <testcase name="check1" time="1.464" classname="com.qa.network.graphql.City"/>
  <testcase name="checkcityid" time="0.184" classname="com.qa.network.graphql.City"/>
</testsuite> <!-- com.qa.network.graphql.City -->
