<?xml version="1.0" encoding="UTF-8"?>
<!-- Generated by org.testng.reporters.JUnitReportReporter -->
<testsuite skipped="0" hostname="administrators-MacBook-Pro-3.local" name="com.qa.TestCase.check2" tests="1" failures="0" timestamp="26 May 2020 07:56:07 GMT" time="255.709" errors="0">
  <testcase name="testpfexitdate" time="255.709" classname="com.qa.TestCase.check2"/>
</testsuite> <!-- com.qa.TestCase.check2 -->
