<?xml version="1.0" encoding="UTF-8"?>
<!-- Generated by org.testng.reporters.JUnitReportReporter -->
<testsuite skipped="0" hostname="administrators-MacBook-Pro-3.local" name="com.qa.network.graphql.Establishments" tests="4" failures="0" timestamp="14 Jul 2020 08:12:16 GMT" time="2.585" errors="0">
  <testcase name="checksuccessresponsecode" time="0.917" classname="com.qa.network.graphql.Establishments"/>
  <testcase name="checkrestid" time="1.255" classname="com.qa.network.graphql.Establishments"/>
  <testcase name="checksuccessresponsecodewithlatitudelongitude" time="0.147" classname="com.qa.network.graphql.Establishments"/>
  <testcase name="checkestablishmentidresponse" time="0.266" classname="com.qa.network.graphql.Establishments"/>
</testsuite> <!-- com.qa.network.graphql.Establishments -->
