<?xml version="1.0" encoding="UTF-8"?>
<!-- Generated by org.testng.reporters.JUnitReportReporter -->
<testsuite skipped="0" hostname="administrators-MacBook-Pro-3.local" name="com.qa.TestCase.PF_Test" tests="1" failures="0" timestamp="20 Apr 2020 05:26:58 GMT" time="1.747" errors="0">
  <testcase name="mainMethod" time="1.747" classname="com.qa.TestCase.PF_Test"/>
</testsuite> <!-- com.qa.TestCase.PF_Test -->
