<?xml version="1.0" encoding="UTF-8"?>
<!-- Generated by org.testng.reporters.JUnitReportReporter -->
<testsuite skipped="0" hostname="administrators-MacBook-Pro-3.local" name="com.qa.network.graphql.Dailymenu" tests="3" failures="0" timestamp="14 Jul 2020 08:08:34 GMT" time="1.999" errors="0">
  <testcase name="checksuccessresponsecode" time="0.793" classname="com.qa.network.graphql.Dailymenu"/>
  <testcase name="checkrestid" time="1.009" classname="com.qa.network.graphql.Dailymenu"/>
  <testcase name="validateentityidandtype" time="0.197" classname="com.qa.network.graphql.Dailymenu"/>
</testsuite> <!-- com.qa.network.graphql.Dailymenu -->
