<?xml version="1.0" encoding="UTF-8"?>
<!-- Generated by org.testng.reporters.JUnitReportReporter -->
<testsuite skipped="0" hostname="administrators-MacBook-Pro-3.local" name="com.qa.TestCase.MarkPfExitDate" tests="1" failures="0" timestamp="02 Jun 2020 07:51:09 GMT" time="254.371" errors="0">
  <testcase name="testpfexit" time="254.371" classname="com.qa.TestCase.MarkPfExitDate"/>
</testsuite> <!-- com.qa.TestCase.MarkPfExitDate -->
