<?xml version="1.0" encoding="UTF-8"?>
<!-- Generated by org.testng.reporters.JUnitReportReporter -->
<testsuite skipped="0" hostname="administrators-MacBook-Pro-3.local" name="com.qa.network.graphql.PF_Test" tests="4" failures="0" timestamp="13 Jul 2020 08:13:59 GMT" time="2.337" errors="0">
  <testcase name="checksuccessresponsecode" time="0.806" classname="com.qa.network.graphql.PF_Test"/>
  <testcase name="checkcountresponse" time="0.262" classname="com.qa.network.graphql.PF_Test"/>
  <testcase name="check1" time="0.942" classname="com.qa.network.graphql.PF_Test"/>
  <testcase name="check" time="0.327" classname="com.qa.network.graphql.PF_Test"/>
</testsuite> <!-- com.qa.network.graphql.PF_Test -->
