<?xml version="1.0" encoding="UTF-8"?>
<!-- Generated by org.testng.reporters.JUnitReportReporter -->
<testsuite skipped="0" hostname="administrators-MacBook-Pro-3.local" name="com.qa.TestCase.Establishments" tests="4" failures="0" timestamp="14 Jul 2020 15:16:42 GMT" time="0.747" errors="0">
  <testcase name="checksuccessresponsecode" time="0.130" classname="com.qa.TestCase.Establishments"/>
  <testcase name="checkrestid" time="0.266" classname="com.qa.TestCase.Establishments"/>
  <testcase name="checksuccessresponsecodewithlatitudelongitude" time="0.132" classname="com.qa.TestCase.Establishments"/>
  <testcase name="checkestablishmentidresponse" time="0.219" classname="com.qa.TestCase.Establishments"/>
</testsuite> <!-- com.qa.TestCase.Establishments -->
