<?xml version="1.0" encoding="UTF-8"?>
<!-- Generated by org.testng.reporters.JUnitReportReporter -->
<testsuite skipped="0" hostname="administrators-MacBook-Pro-3.local" name="com.qa.TestCase.Dailymenu" tests="3" failures="0" timestamp="14 Jul 2020 15:16:47 GMT" time="0.627" errors="0">
  <testcase name="checksuccessresponsecode" time="0.193" classname="com.qa.TestCase.Dailymenu"/>
  <testcase name="checkrestid" time="0.256" classname="com.qa.TestCase.Dailymenu"/>
  <testcase name="validatedailymenu" time="0.178" classname="com.qa.TestCase.Dailymenu"/>
</testsuite> <!-- com.qa.TestCase.Dailymenu -->
