<?xml version="1.0" encoding="UTF-8"?>
<!-- Generated by org.testng.reporters.JUnitReportReporter -->
<testsuite skipped="0" hostname="administrators-MacBook-Pro-3.local" name="com.qa.network.graphql.Location" tests="4" failures="0" timestamp="14 Jul 2020 08:15:51 GMT" time="2.425" errors="0">
  <testcase name="checksuccessresponsecode" time="0.893" classname="com.qa.network.graphql.Location"/>
  <testcase name="checkentityid" time="1.095" classname="com.qa.network.graphql.Location"/>
  <testcase name="checkentitytype" time="0.240" classname="com.qa.network.graphql.Location"/>
  <testcase name="validateentityidandtype" time="0.197" classname="com.qa.network.graphql.Location"/>
</testsuite> <!-- com.qa.network.graphql.Location -->
