<?xml version="1.0" encoding="UTF-8"?>
<!-- Generated by org.testng.reporters.JUnitReportReporter -->
<testsuite skipped="0" hostname="administrators-MacBook-Pro-2.local" name="com.qa.TestCase.testcaptch" tests="1" failures="0" timestamp="27 Aug 2019 12:33:52 GMT" time="0.850" errors="0">
  <testcase name="start" time="0.850" classname="com.qa.TestCase.testcaptch"/>
</testsuite> <!-- com.qa.TestCase.testcaptch -->
