<?xml version="1.0" encoding="UTF-8"?>
<!-- Generated by org.testng.reporters.JUnitReportReporter -->
<testsuite skipped="0" hostname="administrators-MacBook-Pro-3.local" name="com.qa.TestCase.Example" tests="3" failures="0" timestamp="03 Dec 2019 12:36:18 GMT" time="119.206" errors="0">
  <testcase name="testLogin" time="79.190" classname="com.qa.TestCase.Example"/>
  <testcase name="testcheck" time="40.013" classname="com.qa.TestCase.Example"/>
  <testcase name="testcheck2" time="0.003" classname="com.qa.TestCase.Example"/>
</testsuite> <!-- com.qa.TestCase.Example -->
