<?xml version="1.0" encoding="UTF-8"?>
<!-- Generated by org.testng.reporters.JUnitReportReporter -->
<testsuite skipped="0" hostname="administrators-MacBook-Pro-3.local" name="com.qa.TestCase.RR" tests="1" failures="0" timestamp="11 Jun 2020 10:10:03 GMT" time="21.105" errors="0">
  <testcase name="testpfexitdate" time="21.105" classname="com.qa.TestCase.RR"/>
</testsuite> <!-- com.qa.TestCase.RR -->
