<?xml version="1.0" encoding="UTF-8"?>
<!-- Generated by org.testng.reporters.JUnitReportReporter -->
<testsuite skipped="1" hostname="administrators-MacBook-Pro-3.local" name="com.qa.TestCase.PF_Test" tests="2" failures="0" timestamp="09 Apr 2020 12:45:54 GMT" time="495.547" errors="0">
  <testcase name="mainMethod" time="495.439" classname="com.qa.TestCase.PF_Test">
    <skipped/>
  </testcase> <!-- mainMethod -->
  <testcase name="mainMethod" time="0.108" classname="com.qa.TestCase.PF_Test"/>
</testsuite> <!-- com.qa.TestCase.PF_Test -->
