<?xml version="1.0" encoding="UTF-8"?>
<!-- Generated by org.testng.reporters.JUnitReportReporter -->
<testsuite skipped="0" hostname="administrators-MacBook-Pro-3.local" name="com.qa.TestCase.Location" tests="4" failures="0" timestamp="15 Jul 2020 08:27:07 GMT" time="0.987" errors="0">
  <testcase name="checksuccessresponsecode" time="0.258" classname="com.qa.TestCase.Location"/>
  <testcase name="checkentityid" time="0.248" classname="com.qa.TestCase.Location"/>
  <testcase name="checkentitytype" time="0.174" classname="com.qa.TestCase.Location"/>
  <testcase name="validateentityidandtype" time="0.307" classname="com.qa.TestCase.Location"/>
</testsuite> <!-- com.qa.TestCase.Location -->
