<?xml version="1.0" encoding="UTF-8"?>
<!-- Generated by org.testng.reporters.JUnitReportReporter -->
<testsuite skipped="0" hostname="administrators-MacBook-Pro-3.local" name="com.qa.TestCase.City" tests="4" failures="0" timestamp="15 Jul 2020 08:27:02 GMT" time="2.894" errors="0">
  <testcase name="checksuccessresponsecode" time="1.271" classname="com.qa.TestCase.City"/>
  <testcase name="checkcountresponse" time="0.479" classname="com.qa.TestCase.City"/>
  <testcase name="check1" time="0.875" classname="com.qa.TestCase.City"/>
  <testcase name="checkcityid" time="0.269" classname="com.qa.TestCase.City"/>
</testsuite> <!-- com.qa.TestCase.City -->
