<?xml version="1.0" encoding="UTF-8"?>
<!-- Generated by org.testng.reporters.JUnitReportReporter -->
<testsuite skipped="0" hostname="administrators-MacBook-Pro-3.local" name="com.qa.TestCase.Dailymenu" tests="3" failures="0" timestamp="15 Jul 2020 08:27:17 GMT" time="1.219" errors="0">
  <testcase name="checksuccessresponsecode" time="0.464" classname="com.qa.TestCase.Dailymenu"/>
  <testcase name="checkrestid" time="0.392" classname="com.qa.TestCase.Dailymenu"/>
  <testcase name="validatedailymenu" time="0.363" classname="com.qa.TestCase.Dailymenu"/>
</testsuite> <!-- com.qa.TestCase.Dailymenu -->
